SecCoreStartupWithStack(0xFFFCC000, 0x820000)
Register PPI Notify: DCD0BE23-9586-40F4-B643-06522CED4EDE
Install PPI: 8C8CE578-8A3D-4F1C-9935-896185C32DD3
Install PPI: 5473C07A-3DCB-4DCA-BD6F-1E9689E7349A
The 0th FV start address is 0x00000820000, size is 0x000E0000, handle is 0x820000
Register PPI Notify: 49EDB1C1-BF21-4761-BB12-EB0031AABB39
Register PPI Notify: EA7CA24B-DED5-4DAD-A389-BF827E8F9B38
Install PPI: B9E0ABFE-5979-4914-977F-6DEE78C278A6
Install PPI: DBE23AA9-A345-4B97-85B6-B226F1617389
DiscoverPeimsAndOrderWithApriori(): Found 0x7 PEI FFS files in the 0th FV
Loading PEIM 9B3ADA4F-AE56-4C24-8DEA-F03B7558AE50
Loading PEIM at 0x0000082B940 EntryPoint=0x0000082E9EA PcdPeim.efi
Install PPI: 06E81C58-4AD7-44BC-8390-F10265F72480
Install PPI: 01F34D25-4DE2-23AD-3FF3-36353FF323F1
Install PPI: 4D8B155B-C059-4C8F-8926-06FD4331DB8A
Install PPI: A60C6B59-E459-425D-9C69-0BCC9CB27D81
Register PPI Notify: 605EA650-C65C-42E1-BA80-91A52AB618C6
Loading PEIM A3610442-E69F-4DF3-82CA-2360C4031A23
Loading PEIM at 0x00000830340 EntryPoint=0x00000831607 ReportStatusCodeRouterPei.efi
Install PPI: 0065D394-9951-4144-82A3-0AFC8579C251
Install PPI: 229832D3-7A30-4B36-B827-F40CB7D45436
Loading PEIM 9D225237-FA01-464C-A949-BAABC02D31D0
Loading PEIM at 0x00000832240 EntryPoint=0x00000833341 StatusCodeHandlerPei.efi
Loading PEIM 222C386D-5ABC-4FB4-B124-FBB82488ACF4
Loading PEIM at 0x00000834040 EntryPoint=0x0000083946B PlatformPei.efi
Select Item: 0x0
FW CFG Signature: 0x554D4551
Select Item: 0x1
FW CFG Revision: 0x3
QemuFwCfg interface (DMA) is supported.
Platform PEIM Loaded
CMOS:
00: 08 00 30 00 01 00 02 26 07 21 26 02 00 80 00 00
10: 50 00 00 00 07 80 02 FF FF 00 00 00 00 00 00 00
20: 00 00 00 00 00 00 00 00 00 00 00 00 00 00 00 00
30: FF FF 20 00 00 07 00 20 30 00 00 00 00 12 00 00
40: 00 00 00 00 00 00 00 00 00 00 00 00 00 00 00 00
50: 00 00 00 00 00 00 00 00 00 00 00 00 00 00 00 00
60: 00 00 00 00 00 00 00 00 00 00 00 00 00 00 00 00
70: 00 00 00 00 00 00 00 00 00 00 00 00 00 00 00 00
Select Item: 0x19
Select Item: 0x28
S3 support was detected on QEMU
Install PPI: 7408D748-FC8C-4EE6-9288-C4BEC092A410
Select Item: 0x19
Select Item: 0x25
Select Item: 0x19
Select Item: 0x19
GetFirstNonAddress: Pci64Base=0x800000000 Pci64Size=0x800000000
Select Item: 0x5
MaxCpuCountInitialization: QEMU v2.7 reset bug: BootCpuCount=1 Present=0
MaxCpuCountInitialization: BootCpuCount=0 mMaxCpuCount=1
PublishPeiMemory: mPhysMemAddressWidth=36 PeiMemoryCap=65800 KB
PeiInstallPeiMemory MemoryBegin 0x3F36000, MemoryLength 0x4042000
QemuInitializeRam called
Select Item: 0x19
Select Item: 0x25
Reserved variable store memory: 0x7EF4000; size: 528kb
Platform PEI Firmware Volume Initialization
Install PPI: 49EDB1C1-BF21-4761-BB12-EB0031AABB39
Notify: PPI Guid: 49EDB1C1-BF21-4761-BB12-EB0031AABB39, Peim notify entry point: 825BB3
The 1th FV start address is 0x00000900000, size is 0x00C00000, handle is 0x900000
Select Item: 0x19
Register PPI Notify: EE16160A-E8BE-47A6-820A-C6900DB0250A
Select Item: 0x19
Temp Stack : BaseAddress=0x818000 Length=0x8000
Temp Heap  : BaseAddress=0x810000 Length=0x8000
Total temporary memory:    65536 bytes.
  temporary memory stack ever used:       29560 bytes.
  temporary memory heap used for HobList: 6608 bytes.
  temporary memory heap occupied by memory pages: 0 bytes.
Memory Allocation 0x0000000A 0x7F78000 - 0x7FFFFFF
Memory Allocation 0x0000000A 0x810000 - 0x81FFFF
Memory Allocation 0x0000000A 0x807000 - 0x807FFF
Memory Allocation 0x0000000A 0x800000 - 0x805FFF
Memory Allocation 0x0000000A 0x806000 - 0x806FFF
Memory Allocation 0x00000006 0x7EF4000 - 0x7F77FFF
Memory Allocation 0x0000000A 0x820000 - 0x8FFFFF
Memory Allocation 0x00000004 0x900000 - 0x14FFFFF
Old Stack size 32768, New stack size 131072
Stack Hob: BaseAddress=0x3F36000 Length=0x20000
Heap Offset = 0x3746000 Stack Offset = 0x3736000
TemporaryRamMigration(0x810000, 0x3F4E000, 0x10000)
Loading PEIM 52C05B14-0B98-496C-BC3B-04B50211D680
Loading PEIM at 0x00007EE8000 EntryPoint=0x00007EEFD0F PeiCore.efi
Reinstall PPI: 8C8CE578-8A3D-4F1C-9935-896185C32DD3
Reinstall PPI: 5473C07A-3DCB-4DCA-BD6F-1E9689E7349A
Reinstall PPI: B9E0ABFE-5979-4914-977F-6DEE78C278A6
Install PPI: F894643D-C449-42D1-8EA8-85BDD8C65BDE
Loading PEIM 86D70125-BAA3-4296-A62F-602BEBBB9081
Loading PEIM at 0x00007EE3000 EntryPoint=0x00007EE5EF7 DxeIpl.efi
Install PPI: 1A36E4E7-FAB6-476A-8E75-695A0576FDD7
Install PPI: 0AE8CE5D-E448-4437-A8D7-EBF5F194F731
Loading PEIM 89E549B0-7CFE-449D-9BA3-10D8B2312D71
Loading PEIM at 0x00007EDF000 EntryPoint=0x00007EE12E6 S3Resume2Pei.efi
Install PPI: 6D582DBC-DB85-4514-8FCC-5ADF6227B147
Loading PEIM EDADEB9D-DDBA-48BD-9D22-C1C169C8C5C6
Loading PEIM at 0x00007ED3000 EntryPoint=0x00007EDB200 CpuMpPei.efi
Register PPI Notify: F894643D-C449-42D1-8EA8-85BDD8C65BDE
Notify: PPI Guid: F894643D-C449-42D1-8EA8-85BDD8C65BDE, Peim notify entry point: 7ED9889
AP Loop Mode is 1
GetMicrocodePatchInfoFromHob: Microcode patch cache HOB is not found.
CPU[0000]: Microcode revision = 00000000, expected = 00000000
Register PPI Notify: 8F9D4825-797D-48FC-8471-845025792EF6
Does not find any stored CPU BIST information from PPI!
  APICID - 0x00000000, BIST - 0x00000000
Install PPI: 9E9F374B-8F16-4230-9824-5846EE766A97
Install PPI: 5CB9CB3D-31A4-480C-9498-29D269BACFBA
Install PPI: EE16160A-E8BE-47A6-820A-C6900DB0250A
Notify: PPI Guid: EE16160A-E8BE-47A6-820A-C6900DB0250A, Peim notify entry point: 835FD3
PlatformPei: ClearCacheOnMpServicesAvailable
DiscoverPeimsAndOrderWithApriori(): Found 0x0 PEI FFS files in the 1th FV
DXE IPL Entry
Loading PEIM D6A2CB7F-6A18-4E2F-B43B-9920A733700A
Loading PEIM at 0x00007EA4000 EntryPoint=0x00007EAFC72 DxeCore.efi
Loading DXE CORE at 0x00007EA4000 EntryPoint=0x00007EAFC72
AddressBits=36 5LevelPaging=0 1GPage=0
Pml5=1 Pml4=1 Pdp=64 TotalPage=66
Install PPI: 605EA650-C65C-42E1-BA80-91A52AB618C6
Notify: PPI Guid: 605EA650-C65C-42E1-BA80-91A52AB618C6, Peim notify entry point: 82D91E
CoreInitializeMemoryServices:
  BaseAddress - 0x3F59000 Length - 0x3CA7000 MinimalMemorySizeNeeded - 0x320000
InstallProtocolInterface: 5B1B31A1-9562-11D2-8E3F-00A0C969723B 7EC6EA8
ProtectUefiImageCommon - 0x7EC6EA8
  - 0x0000000007EA4000 - 0x0000000000026000
DxeMain: MemoryBaseAddress=0x3F59000 MemoryLength=0x3CA7000
HOBLIST address in DXE = 0x78EA018
Memory Allocation 0x0000000A 0x7F78000 - 0x7FFFFFF
Memory Allocation 0x0000000A 0x810000 - 0x81FFFF
Memory Allocation 0x0000000A 0x807000 - 0x807FFF
Memory Allocation 0x0000000A 0x800000 - 0x805FFF
Memory Allocation 0x0000000A 0x806000 - 0x806FFF
Memory Allocation 0x00000006 0x7EF4000 - 0x7F77FFF
Memory Allocation 0x0000000A 0x820000 - 0x8FFFFF
Memory Allocation 0x00000004 0x900000 - 0x14FFFFF
Memory Allocation 0x00000004 0x7E84000 - 0x7EA3FFF
Memory Allocation 0x00000003 0x7EE8000 - 0x7EF3FFF
Memory Allocation 0x00000003 0x7EE3000 - 0x7EE7FFF
Memory Allocation 0x00000003 0x7EDF000 - 0x7EE2FFF
Memory Allocation 0x00000003 0x7ED3000 - 0x7EDEFFF
Memory Allocation 0x00000004 0x7ECA000 - 0x7ED2FFF
Memory Allocation 0x00000003 0x7EA4000 - 0x7EC9FFF
Memory Allocation 0x00000003 0x7EA4000 - 0x7EC9FFF
Memory Allocation 0x00000004 0x7E84000 - 0x7EA3FFF
Memory Allocation 0x00000004 0x7C00000 - 0x7DFFFFF
Memory Allocation 0x00000007 0x7E00000 - 0x7E83FFF
Memory Allocation 0x00000004 0x3F36000 - 0x3F55FFF
FV Hob            0x900000 - 0x14FFFFF
InstallProtocolInterface: D8117CFE-94A6-11D4-9A3A-0090273FC14D 7EC6070
InstallProtocolInterface: 8F644FA9-E850-4DB1-9CE2-0B44698E8DA4 78E6CB0
InstallProtocolInterface: 09576E91-6D3F-11D2-8E39-00A0C969723B 78E6D98
InstallProtocolInterface: 220E73B6-6BDB-4413-8405-B974B108619A 78E6630
InstallProtocolInterface: EE4E5898-3914-4259-9D6E-DC7BD79403CF 7EC5D30
Loading driver 9B680FCE-AD6B-4F3A-B60B-F59899003443
InstallProtocolInterface: 5B1B31A1-9562-11D2-8E3F-00A0C969723B 75CC140
Loading driver at 0x000075A4000 EntryPoint=0x000075ABD77 DevicePathDxe.efi
InstallProtocolInterface: BC62157E-3E33-4FEC-9920-2D3B36D750DF 75CC698
ProtectUefiImageCommon - 0x75CC140
  - 0x00000000075A4000 - 0x000000000000B240
InstallProtocolInterface: 0379BE4E-D706-437D-B037-EDB82FB772A4 75AEF00
InstallProtocolInterface: 8B843E20-8132-4852-90CC-551A4E4A7F1C 75AEEE0
InstallProtocolInterface: 05C99A21-C70F-4AD2-8A5F-35DF3343F51E 75AEEC0
Loading driver 80CF7257-87AB-47F9-A3FE-D50B76D89541
InstallProtocolInterface: 5B1B31A1-9562-11D2-8E3F-00A0C969723B 75BB0C0
Loading driver at 0x0000759E000 EntryPoint=0x000075A1833 PcdDxe.efi
InstallProtocolInterface: BC62157E-3E33-4FEC-9920-2D3B36D750DF 75BBA18
ProtectUefiImageCommon - 0x75BB0C0
  - 0x000000000759E000 - 0x0000000000005A80
InstallProtocolInterface: 11B34006-D85B-4D0A-A290-D5A571310EF7 75A3700
InstallProtocolInterface: 13A3F0F6-264A-3EF0-F2E0-DEC512342F34 75A3660
InstallProtocolInterface: 5BE40F57-FA68-4610-BBBF-E9C5FCDAD365 75A3630
InstallProtocolInterface: FD0F4478-0EFD-461D-BA2D-E58C45FD5F5E 75A3610
Loading driver 2EC9DA37-EE35-4DE9-86C5-6D9A81DC38A7
InstallProtocolInterface: 5B1B31A1-9562-11D2-8E3F-00A0C969723B 75BA4C0
Loading driver at 0x000075B4000 EntryPoint=0x000075B59B7 AmdSevDxe.efi
InstallProtocolInterface: BC62157E-3E33-4FEC-9920-2D3B36D750DF 75BAC98
ProtectUefiImageCommon - 0x75BA4C0
  - 0x00000000075B4000 - 0x0000000000002E80
Error: Image at 000075B4000 start failed: Unsupported
Loading driver 733CBAC2-B23F-4B92-BC8E-FB01CE5907B7
InstallProtocolInterface: 5B1B31A1-9562-11D2-8E3F-00A0C969723B 75BA4C0
Loading driver at 0x00007AE7000 EntryPoint=0x00007AE9C52 FvbServicesRuntimeDxe.efi
InstallProtocolInterface: BC62157E-3E33-4FEC-9920-2D3B36D750DF 75BAA98
ProtectUefiImageCommon - 0x75BA4C0
  - 0x0000000007AE7000 - 0x0000000000008000
QEMU Flash: Attempting flash detection at FFC00010
QemuFlashDetected => FD behaves as ROM
QemuFlashDetected => No
QEMU flash was not detected. Writable FVB is not being installed.
Error: Image at 00007AE7000 start failed: Write Protected
Loading driver D93CE3D8-A7EB-4730-8C8E-CC466A9ECC3C
InstallProtocolInterface: 5B1B31A1-9562-11D2-8E3F-00A0C969723B 75BA4C0
Loading driver at 0x00007AE9000 EntryPoint=0x00007AEB74D ReportStatusCodeRouterRuntimeDxe.efi
InstallProtocolInterface: BC62157E-3E33-4FEC-9920-2D3B36D750DF 75BA918
ProtectUefiImageCommon - 0x75BA4C0
  - 0x0000000007AE9000 - 0x0000000000006000
InstallProtocolInterface: 86212936-0E76-41C8-A03A-2AF2FC1C39E2 7AED060
InstallProtocolInterface: D2B2B828-0826-48A7-B3DF-983C006024F0 7AED040
Loading driver B601F8C4-43B7-4784-95B1-F4226CB40CEE
InstallProtocolInterface: 5B1B31A1-9562-11D2-8E3F-00A0C969723B 75B71C0
Loading driver at 0x00007AE3000 EntryPoint=0x00007AE54A8 RuntimeDxe.efi
InstallProtocolInterface: BC62157E-3E33-4FEC-9920-2D3B36D750DF 75B7E18
ProtectUefiImageCommon - 0x75B71C0
  - 0x0000000007AE3000 - 0x0000000000006000
InstallProtocolInterface: B7DFB4E1-052F-449F-87BE-9818FC91B733 7AE7040
Loading driver F80697E9-7FD6-4665-8646-88E33EF71DFC
InstallProtocolInterface: 5B1B31A1-9562-11D2-8E3F-00A0C969723B 75B3040
Loading driver at 0x000075B0000 EntryPoint=0x000075B1539 SecurityStubDxe.efi
InstallProtocolInterface: BC62157E-3E33-4FEC-9920-2D3B36D750DF 75B7718
ProtectUefiImageCommon - 0x75B3040
  - 0x00000000075B0000 - 0x0000000000002B80
InstallProtocolInterface: 94AB2F58-1438-4EF1-9152-18941A3A0E68 75B29E8
InstallProtocolInterface: A46423E3-4617-49F1-B9FF-D1BFA9115839 75B29E0
InstallProtocolInterface: 15853D7C-3DDF-43E0-A1CB-EBF85B8F872C 75B29C0
Loading driver 13AC6DD0-73D0-11D4-B06B-00AA00BD6DE7
InstallProtocolInterface: 5B1B31A1-9562-11D2-8E3F-00A0C969723B 75B3440
Loading driver at 0x00007592000 EntryPoint=0x00007594F70 EbcDxe.efi
InstallProtocolInterface: BC62157E-3E33-4FEC-9920-2D3B36D750DF 75B3D98
ProtectUefiImageCommon - 0x75B3440
  - 0x0000000007592000 - 0x0000000000005E00
InstallProtocolInterface: 13AC6DD1-73D0-11D4-B06B-00AA00BD6DE7 75B6C18
InstallProtocolInterface: 96F46153-97A7-4793-ACC1-FA19BF78EA97 7597B60
InstallProtocolInterface: 2755590C-6F3C-42FA-9EA4-A3BA543CDA25 75B6D98
InstallProtocolInterface: AAEACCFD-F27B-4C17-B610-75CA1F2DFB52 75B6898
Loading driver 245CB4DA-8E15-4A1B-87E3-9878FFA07520
InstallProtocolInterface: 5B1B31A1-9562-11D2-8E3F-00A0C969723B 75B6240
Loading driver at 0x0000759C000 EntryPoint=0x0000759D2D5 Legacy8259.efi
InstallProtocolInterface: BC62157E-3E33-4FEC-9920-2D3B36D750DF 75B6798
ProtectUefiImageCommon - 0x75B6240
  - 0x000000000759C000 - 0x0000000000001D80
InstallProtocolInterface: 38321DBA-4FE0-4E17-8AEC-413055EAEDC1 759DC00
Loading driver A19B1FE7-C1BC-49F8-875F-54A5D542443F
InstallProtocolInterface: 5B1B31A1-9562-11D2-8E3F-00A0C969723B 75B5B40
Loading driver at 0x00007190000 EntryPoint=0x00007191406 CpuIo2Dxe.efi
InstallProtocolInterface: BC62157E-3E33-4FEC-9920-2D3B36D750DF 75B5E18
ProtectUefiImageCommon - 0x75B5B40
  - 0x0000000007190000 - 0x0000000000002000
InstallProtocolInterface: AD61F191-AE5F-4C0E-B9FA-E869D288C64F 7191EC0
Loading driver 1A1E4886-9517-440E-9FDE-3BE44CEE2136
InstallProtocolInterface: 5B1B31A1-9562-11D2-8E3F-00A0C969723B 75B5140
Loading driver at 0x0000716E000 EntryPoint=0x00007176EB1 CpuDxe.efi
InstallProtocolInterface: BC62157E-3E33-4FEC-9920-2D3B36D750DF 75B5698
ProtectUefiImageCommon - 0x75B5140
  - 0x000000000716E000 - 0x0000000000010780
Paging: added 512 pages to page table pool
CurrentPagingContext:
  MachineType   - 0x8664
  PageTableBase - 0x7C01000
  Attributes    - 0xC0000002
InstallProtocolInterface: 26BACCB1-6F42-11D4-BCE7-0080C73C8881 717E2A0
MemoryProtectionCpuArchProtocolNotify:
ProtectUefiImageCommon - 0x7EC6EA8
  - 0x0000000007EA4000 - 0x0000000000026000
ProtectUefiImageCommon - 0x75CC140
  - 0x00000000075A4000 - 0x000000000000B240
ProtectUefiImageCommon - 0x75BB0C0
  - 0x000000000759E000 - 0x0000000000005A80
ProtectUefiImageCommon - 0x75BA4C0
  - 0x0000000007AE9000 - 0x0000000000006000
SetUefiImageMemoryAttributes - 0x0000000007AE9000 - 0x0000000000001000 (0x0000000000004000)
SetUefiImageMemoryAttributes - 0x0000000007AEA000 - 0x0000000000003000 (0x0000000000020000)
SetUefiImageMemoryAttributes - 0x0000000007AED000 - 0x0000000000002000 (0x0000000000004000)
ProtectUefiImageCommon - 0x75B71C0
  - 0x0000000007AE3000 - 0x0000000000006000
SetUefiImageMemoryAttributes - 0x0000000007AE3000 - 0x0000000000001000 (0x0000000000004000)
SetUefiImageMemoryAttributes - 0x0000000007AE4000 - 0x0000000000003000 (0x0000000000020000)
SetUefiImageMemoryAttributes - 0x0000000007AE7000 - 0x0000000000002000 (0x0000000000004000)
ProtectUefiImageCommon - 0x75B3040
  - 0x00000000075B0000 - 0x0000000000002B80
ProtectUefiImageCommon - 0x75B3440
  - 0x0000000007592000 - 0x0000000000005E00
ProtectUefiImageCommon - 0x75B6240
  - 0x000000000759C000 - 0x0000000000001D80
ProtectUefiImageCommon - 0x75B5B40
  - 0x0000000007190000 - 0x0000000000002000
ProtectUefiImageCommon - 0x75B5140
  - 0x000000000716E000 - 0x0000000000010780
ConvertPages: failed to find range A0000 - FFFFF
ConvertPages: failed to find range 80000000 - FBFFFFFF
ConvertPages: failed to find range FEC00000 - FEC00FFF
Failed to update capability: [8] 00000000FED00000 - 00000000FED003FF (C700000000000001 -> C700000000026001)
ConvertPages: failed to find range FEE00000 - FEEFFFFF
AP Loop Mode is 1
GetMicrocodePatchInfoFromHob: MicrocodeBase = 0x0, MicrocodeSize = 0x0
CPU[0000]: Microcode revision = 00000000, expected = 00000000
Detect CPU count: 1
InstallProtocolInterface: 3FDDA605-A76E-4F46-AD29-12F4531B3D08 717E4C0
Loading driver F6697AC4-A776-4EE1-B643-1FEFF2B615BB
InstallProtocolInterface: 5B1B31A1-9562-11D2-8E3F-00A0C969723B 7598140
Loading driver at 0x0000716A000 EntryPoint=0x0000716B06E IncompatiblePciDeviceSupportDxe.efi
InstallProtocolInterface: BC62157E-3E33-4FEC-9920-2D3B36D750DF 7598498
ProtectUefiImageCommon - 0x7598140
  - 0x000000000716A000 - 0x0000000000001F40
InstallProtocolInterface: EB23F55A-7863-4AC2-8D3D-956535DE0375 716BE58
Loading driver 11A6EDF6-A9BE-426D-A6CC-B22FE51D9224
InstallProtocolInterface: 5B1B31A1-9562-11D2-8E3F-00A0C969723B 717F7C0
Loading driver at 0x00007160000 EntryPoint=0x000071632EF PciHotPlugInitDxe.efi
InstallProtocolInterface: BC62157E-3E33-4FEC-9920-2D3B36D750DF 717F118
ProtectUefiImageCommon - 0x717F7C0
  - 0x0000000007160000 - 0x0000000000004BC0
InstallProtocolInterface: AA0E8BC1-DABC-46B0-A844-37B8169B2BEA 7164AC0
Loading driver 4B28E4C7-FF36-4E10-93CF-A82159E777C5
InstallProtocolInterface: 5B1B31A1-9562-11D2-8E3F-00A0C969723B 716D040
Loading driver at 0x00007ADD000 EntryPoint=0x00007ADF742 ResetSystemRuntimeDxe.efi
InstallProtocolInterface: BC62157E-3E33-4FEC-9920-2D3B36D750DF 717F498
ProtectUefiImageCommon - 0x716D040
  - 0x0000000007ADD000 - 0x0000000000006000
SetUefiImageMemoryAttributes - 0x0000000007ADD000 - 0x0000000000001000 (0x0000000000004008)
SetUefiImageMemoryAttributes - 0x0000000007ADE000 - 0x0000000000003000 (0x0000000000020008)
SetUefiImageMemoryAttributes - 0x0000000007AE1000 - 0x0000000000002000 (0x0000000000004008)
InstallProtocolInterface: 27CFAC88-46CC-11D4-9A38-0090273FC14D 0
InstallProtocolInterface: 9DA34AE0-EAF9-4BBF-8EC3-FD60226C44BE 7AE1108
InstallProtocolInterface: 695D7835-8D47-4C11-AB22-FA8ACCE7AE7A 7AE10C8
InstallProtocolInterface: 2DF6BA0B-7092-440D-BD04-FB091EC3F3C1 7AE1088
Loading driver C8339973-A563-4561-B858-D8476F9DEFC4
InstallProtocolInterface: 5B1B31A1-9562-11D2-8E3F-00A0C969723B 716D540
Loading driver at 0x00007166000 EntryPoint=0x00007166FE4 Metronome.efi
InstallProtocolInterface: BC62157E-3E33-4FEC-9920-2D3B36D750DF 716C018
ProtectUefiImageCommon - 0x716D540
  - 0x0000000007166000 - 0x0000000000001E40
InstallProtocolInterface: 26BACCB2-6F42-11D4-BCE7-0080C73C8881 7167CD0
Loading driver 79E4A61C-ED73-4312-94FE-E3E7563362A9
InstallProtocolInterface: 5B1B31A1-9562-11D2-8E3F-00A0C969723B 716C0C0
Loading driver at 0x0000715A000 EntryPoint=0x0000715B86E PrintDxe.efi
InstallProtocolInterface: BC62157E-3E33-4FEC-9920-2D3B36D750DF 716CB98
ProtectUefiImageCommon - 0x716C0C0
  - 0x000000000715A000 - 0x0000000000002880
InstallProtocolInterface: F05976EF-83F1-4F3D-8619-F7595D41E538 715C6E0
InstallProtocolInterface: 0CC252D2-C106-4661-B5BD-3147A4F81F92 715C680
Loading driver 348C4D62-BFBD-4882-9ECE-C80BB1C4783B
InstallProtocolInterface: 5B1B31A1-9562-11D2-8E3F-00A0C969723B 7169040
Loading driver at 0x00007120000 EntryPoint=0x00007123826 HiiDatabase.efi
InstallProtocolInterface: BC62157E-3E33-4FEC-9920-2D3B36D750DF 716C498
ProtectUefiImageCommon - 0x7169040
  - 0x0000000007120000 - 0x000000000001CFC0
InstallProtocolInterface: E9CA4775-8657-47FC-97E7-7ED65A084324 713CBA8
InstallProtocolInterface: 0FD96974-23AA-4CDC-B9CB-98D17750322A 713CC20
InstallProtocolInterface: EF9FC172-A1B2-4693-B327-6D32FC416042 713CC48
InstallProtocolInterface: 587E72D7-CC50-4F79-8209-CA291FC1A10F 713CCA0
InstallProtocolInterface: 0A8BADD5-03B8-4D19-B128-7B8F0EDAA596 713CCD0
InstallProtocolInterface: 31A6406A-6BDF-4E46-B2A2-EBAA89C40920 713CBC8
InstallProtocolInterface: 1A1241E6-8F19-41A9-BC0E-E8EF39E06546 713CBF0
Loading driver 96B5C032-DF4C-4B6E-8232-438DCF448D0E
InstallProtocolInterface: 5B1B31A1-9562-11D2-8E3F-00A0C969723B 71694C0
Loading driver at 0x00007157000 EntryPoint=0x00007158134 NullMemoryTestDxe.efi
InstallProtocolInterface: BC62157E-3E33-4FEC-9920-2D3B36D750DF 7168F98
ProtectUefiImageCommon - 0x71694C0
  - 0x0000000007157000 - 0x00000000000020C0
InstallProtocolInterface: 309DE7F1-7F5E-4ACE-B49C-531BE5AA95EF 7158F20
Loading driver 9622E42C-8E38-4A08-9E8F-54F784652F6B
InstallProtocolInterface: 5B1B31A1-9562-11D2-8E3F-00A0C969723B 71687C0
Loading driver at 0x00007147000 EntryPoint=0x0000714B0C8 AcpiTableDxe.efi
InstallProtocolInterface: BC62157E-3E33-4FEC-9920-2D3B36D750DF 7168118
ProtectUefiImageCommon - 0x71687C0
  - 0x0000000007147000 - 0x0000000000007580
InstallProtocolInterface: FFE06BDD-6107-46A6-7BB2-5A9C7EC5275C 71683A0
InstallProtocolInterface: EB97088E-CFDF-49C6-BE4B-D906A5B20E86 71683B0
Loading driver A210F973-229D-4F4D-AA37-9895E6C9EABA
InstallProtocolInterface: 5B1B31A1-9562-11D2-8E3F-00A0C969723B 7165B40
Loading driver at 0x00007155000 EntryPoint=0x00007156214 DpcDxe.efi
InstallProtocolInterface: BC62157E-3E33-4FEC-9920-2D3B36D750DF 7165E18
ProtectUefiImageCommon - 0x7165B40
  - 0x0000000007155000 - 0x0000000000002000
InstallProtocolInterface: 480F8AE9-0C46-4AA9-BC89-DB9FBA619806 7156CD0
Loading driver 8657015B-EA43-440D-949A-AF3BE365C0FC
InstallProtocolInterface: 5B1B31A1-9562-11D2-8E3F-00A0C969723B 7165140
Loading driver at 0x00007143000 EntryPoint=0x000071454CB IoMmuDxe.efi
InstallProtocolInterface: BC62157E-3E33-4FEC-9920-2D3B36D750DF 7165718
ProtectUefiImageCommon - 0x7165140
  - 0x0000000007143000 - 0x0000000000003B00
InstallProtocolInterface: F8775D50-8ABD-4ADF-92AC-853E51F6C8DC 0
Loading driver 22DC2B60-FE40-42AC-B01F-3AB1FAD9AAD8
InstallProtocolInterface: 5B1B31A1-9562-11D2-8E3F-00A0C969723B 715FCC0
Loading driver at 0x00007AD7000 EntryPoint=0x00007AD93C2 EmuVariableFvbRuntimeDxe.efi
InstallProtocolInterface: BC62157E-3E33-4FEC-9920-2D3B36D750DF 715FB98
ProtectUefiImageCommon - 0x715FCC0
  - 0x0000000007AD7000 - 0x0000000000006000
SetUefiImageMemoryAttributes - 0x0000000007AD7000 - 0x0000000000001000 (0x0000000000004008)
SetUefiImageMemoryAttributes - 0x0000000007AD8000 - 0x0000000000003000 (0x0000000000020008)
SetUefiImageMemoryAttributes - 0x0000000007ADB000 - 0x0000000000002000 (0x0000000000004008)
EMU Variable FVB Started
EMU Variable FVB: Using pre-reserved block at 7EF4000
EMU Variable FVB: Basic FV headers were invalid
Installing FVB for EMU Variable support
InstallProtocolInterface: 8F644FA9-E850-4DB1-9CE2-0B44698E8DA4 7ADB120
InstallProtocolInterface: 09576E91-6D3F-11D2-8E39-00A0C969723B 7ADB0E8
Loading driver CBD2E4D5-7068-4FF5-B462-9822B4AD8D60
InstallProtocolInterface: 5B1B31A1-9562-11D2-8E3F-00A0C969723B 715F440
Loading driver at 0x00007AC8000 EntryPoint=0x00007AD108E VariableRuntimeDxe.efi
InstallProtocolInterface: BC62157E-3E33-4FEC-9920-2D3B36D750DF 715EE98
ProtectUefiImageCommon - 0x715F440
  - 0x0000000007AC8000 - 0x000000000000F000
SetUefiImageMemoryAttributes - 0x0000000007AC8000 - 0x0000000000001000 (0x0000000000004008)
SetUefiImageMemoryAttributes - 0x0000000007AC9000 - 0x000000000000C000 (0x0000000000020008)
SetUefiImageMemoryAttributes - 0x0000000007AD5000 - 0x0000000000002000 (0x0000000000004008)
VarCheckLibRegisterSetVariableCheckHandler - 0x7ACC263 Success
Variable driver common space: 0x3FF9C 0x3FF9C 0x3FF9C
Variable driver will work with auth variable format!
InstallProtocolInterface: CD3D0A05-9E24-437C-A891-1EE053DB7638 7AD5470
InstallProtocolInterface: AF23B340-97B4-4685-8D4F-A3F28169B21D 7AD5440
InstallProtocolInterface: 1E5668E2-8481-11D4-BCF1-0080C73C8881 0
VarCheckLibRegisterSetVariableCheckHandler - 0x7ACADAD Success
InstallProtocolInterface: 81D1675C-86F6-48DF-BD95-9A6E4F0925C3 7AD53C0
Loading driver 6C2004EF-4E0E-4BE4-B14C-340EB4AA5891
InstallProtocolInterface: 5B1B31A1-9562-11D2-8E3F-00A0C969723B 715D040
Loading driver at 0x00007AC3000 EntryPoint=0x00007AC4F48 StatusCodeHandlerRuntimeDxe.efi
InstallProtocolInterface: BC62157E-3E33-4FEC-9920-2D3B36D750DF 715DF18
ProtectUefiImageCommon - 0x715D040
  - 0x0000000007AC3000 - 0x0000000000005000
SetUefiImageMemoryAttributes - 0x0000000007AC3000 - 0x0000000000001000 (0x0000000000004008)
SetUefiImageMemoryAttributes - 0x0000000007AC4000 - 0x0000000000003000 (0x0000000000020008)
SetUefiImageMemoryAttributes - 0x0000000007AC7000 - 0x0000000000001000 (0x0000000000004008)
Loading driver C190FE35-44AA-41A1-8AEA-4947BC60E09D
InstallProtocolInterface: 5B1B31A1-9562-11D2-8E3F-00A0C969723B 715D340
Loading driver at 0x00007151000 EntryPoint=0x00007152058 Timer.efi
InstallProtocolInterface: BC62157E-3E33-4FEC-9920-2D3B36D750DF 715D918
ProtectUefiImageCommon - 0x715D340
  - 0x0000000007151000 - 0x0000000000001D80
InstallProtocolInterface: 26BACCB3-6F42-11D4-BCE7-0080C73C8881 7152C00
Loading driver 128FB770-5E79-4176-9E51-9BB268A17DD1
InstallProtocolInterface: 5B1B31A1-9562-11D2-8E3F-00A0C969723B 7154B40
Loading driver at 0x0000710E000 EntryPoint=0x00007112D61 PciHostBridgeDxe.efi
InstallProtocolInterface: BC62157E-3E33-4FEC-9920-2D3B36D750DF 7154E98
ProtectUefiImageCommon - 0x7154B40
  - 0x000000000710E000 - 0x0000000000008F80
Select Item: 0x0
FW CFG Signature: 0x554D4551
Select Item: 0x1
FW CFG Revision: 0x3
QemuFwCfg interface (DMA) is supported.
Select Item: 0x19
PciHostBridgeUtilityInitRootBridge: populated root bus 0, with room for 255 subordinate bus(es)
RootBridge: PciRoot(0x0)
  Support/Attr: 70069 / 70069
    DmaAbove4G: No
NoExtConfSpace: Yes
     AllocAttr: 3 (CombineMemPMem Mem64Decode)
           Bus: 0 - FF Translation=0
            Io: C000 - FFFF Translation=0
           Mem: 80000000 - FBFFFFFF Translation=0
    MemAbove4G: 800000000 - FFFFFFFFF Translation=0
          PMem: FFFFFFFFFFFFFFFF - 0 Translation=0
   PMemAbove4G: FFFFFFFFFFFFFFFF - 0 Translation=0
InstallProtocolInterface: CF8034BE-6768-4D8B-B739-7CCE683A9FBE 71545C0
InstallProtocolInterface: 09576E91-6D3F-11D2-8E39-00A0C969723B 7154698
InstallProtocolInterface: 2F707EBB-4A1A-11D4-9A38-0090273FC14D 7154370
Loading driver EBF342FE-B1D3-4EF8-957C-8048606FF671
InstallProtocolInterface: 5B1B31A1-9562-11D2-8E3F-00A0C969723B 71538C0
Loading driver at 0x000070DC000 EntryPoint=0x000070DE76B SetupBrowser.efi
InstallProtocolInterface: BC62157E-3E33-4FEC-9920-2D3B36D750DF 7153798
ProtectUefiImageCommon - 0x71538C0
  - 0x00000000070DC000 - 0x0000000000018840
InstallProtocolInterface: B9D4C360-BCFB-4F9B-9298-53C136982258 70F4370
InstallProtocolInterface: A770C357-B693-4E6D-A6CF-D21C728E550B 70F43A0
InstallProtocolInterface: 1F73B18D-4630-43C1-A1DE-6F80855D7DA4 70F4380
Loading driver F9D88642-0737-49BC-81B5-6889CD57D9EA
InstallProtocolInterface: 5B1B31A1-9562-11D2-8E3F-00A0C969723B 71500C0
Loading driver at 0x0000711A000 EntryPoint=0x0000711D2F4 SmbiosDxe.efi
InstallProtocolInterface: BC62157E-3E33-4FEC-9920-2D3B36D750DF 7153218
ProtectUefiImageCommon - 0x71500C0
  - 0x000000000711A000 - 0x00000000000058C0
Select Item: 0x0
FW CFG Signature: 0x554D4551
Select Item: 0x1
FW CFG Revision: 0x3
QemuFwCfg interface (DMA) is supported.
Select Item: 0x19
Select Item: 0x19
Select Item: 0x26
DetectSmbiosVersion: SMBIOS version from QEMU: 0x0208
InstallProtocolInterface: 03583FF6-CB36-4940-947E-B9B39F4AFAF7 711F750
Loading driver 17985E6F-E778-4D94-AEFA-C5DD2B77E186
InstallProtocolInterface: 5B1B31A1-9562-11D2-8E3F-00A0C969723B 7150440
Loading driver at 0x00007100000 EntryPoint=0x00007103FFD QemuFwCfgAcpiPlatform.efi
InstallProtocolInterface: BC62157E-3E33-4FEC-9920-2D3B36D750DF 714FF18
ProtectUefiImageCommon - 0x7150440
  - 0x0000000007100000 - 0x00000000000062C0
Select Item: 0x0
FW CFG Signature: 0x554D4551
Select Item: 0x1
FW CFG Revision: 0x3
QemuFwCfg interface (DMA) is supported.
AcpiPlatformEntryPoint: waiting for root bridges to be connected, registered callback
Loading driver BDCE85BB-FBAA-4F4E-9264-501A2C249581
InstallProtocolInterface: 5B1B31A1-9562-11D2-8E3F-00A0C969723B 714F0C0
Loading driver at 0x000070F9000 EntryPoint=0x000070FD171 S3SaveStateDxe.efi
InstallProtocolInterface: BC62157E-3E33-4FEC-9920-2D3B36D750DF 714FA18
ProtectUefiImageCommon - 0x714F0C0
  - 0x00000000070F9000 - 0x0000000000006740
Select Item: 0x0
FW CFG Signature: 0x554D4551
Select Item: 0x1
FW CFG Revision: 0x3
QemuFwCfg interface (DMA) is supported.
Select Item: 0x19
Select Item: 0x28
InstallProtocolInterface: BD445D79-B7AD-4F04-9AD8-29BD2040EB3C 0
InstallProtocolInterface: E857CAF6-C046-45DC-BE3F-EE0765FBA887 70FF4A0
Loading driver A487A478-51EF-48AA-8794-7BEE2A0562F1
InstallProtocolInterface: 5B1B31A1-9562-11D2-8E3F-00A0C969723B 7142B40
Loading driver at 0x000070C6000 EntryPoint=0x000070CC5F0 tftpDynamicCommand.efi
InstallProtocolInterface: BC62157E-3E33-4FEC-9920-2D3B36D750DF 7142E18
InstallProtocolInterface: 6A1EE763-D47A-43B4-AABE-EF1DE2AB56FC 70CE9B0
ProtectUefiImageCommon - 0x7142B40
  - 0x00000000070C6000 - 0x000000000000A500
InstallProtocolInterface: 3C7200E9-005F-4EA4-87DE-A3DFAC8A27C3 70CE5C0
Loading driver 19618BCE-55AE-09C6-37E9-4CE04084C7A1
InstallProtocolInterface: 5B1B31A1-9562-11D2-8E3F-00A0C969723B 7142240
Loading driver at 0x000070AC000 EntryPoint=0x000070B3D6B httpDynamicCommand.efi
InstallProtocolInterface: BC62157E-3E33-4FEC-9920-2D3B36D750DF 713FF98
InstallProtocolInterface: 6A1EE763-D47A-43B4-AABE-EF1DE2AB56FC 70B6770
ProtectUefiImageCommon - 0x7142240
  - 0x00000000070AC000 - 0x000000000000CA00
InstallProtocolInterface: 3C7200E9-005F-4EA4-87DE-A3DFAC8A27C3 70B62C0
Loading driver 2F30DA26-F51B-4B6F-85C4-31873C281BCA
InstallProtocolInterface: 5B1B31A1-9562-11D2-8E3F-00A0C969723B 713F140
Loading driver at 0x000070BE000 EntryPoint=0x000070C2F59 LinuxInitrdDynamicShellCommand.efi
InstallProtocolInterface: BC62157E-3E33-4FEC-9920-2D3B36D750DF 713F698
InstallProtocolInterface: 6A1EE763-D47A-43B4-AABE-EF1DE2AB56FC 70C4F70
ProtectUefiImageCommon - 0x713F140
  - 0x00000000070BE000 - 0x0000000000007A80
InstallProtocolInterface: 3C7200E9-005F-4EA4-87DE-A3DFAC8A27C3 70C4C50
Loading driver F74D20EE-37E7-48FC-97F7-9B1047749C69
InstallProtocolInterface: 5B1B31A1-9562-11D2-8E3F-00A0C969723B 713D040
Loading driver at 0x000070D7000 EntryPoint=0x000070D7EEF LogoDxe.efi
InstallProtocolInterface: BC62157E-3E33-4FEC-9920-2D3B36D750DF 713E118
InstallProtocolInterface: 6A1EE763-D47A-43B4-AABE-EF1DE2AB56FC 70D8AF0
ProtectUefiImageCommon - 0x713D040
  - 0x00000000070D7000 - 0x0000000000004A40
InstallProtocolInterface: 53CD299F-2BC1-40C0-8C07-23F64FDB30E0 70D8940
Loading driver DCE1B094-7DC6-45D0-9FDD-D7FC3CC3E4EF
InstallProtocolInterface: 5B1B31A1-9562-11D2-8E3F-00A0C969723B 710A040
Loading driver at 0x000070B9000 EntryPoint=0x000070BB671 QemuRamfbDxe.efi
InstallProtocolInterface: BC62157E-3E33-4FEC-9920-2D3B36D750DF 713D398
ProtectUefiImageCommon - 0x710A040
  - 0x00000000070B9000 - 0x0000000000004580
Select Item: 0x0
FW CFG Signature: 0x554D4551
Select Item: 0x1
FW CFG Revision: 0x3
QemuFwCfg interface (DMA) is supported.
Select Item: 0x19
Error: Image at 000070B9000 start failed: Not Found
Loading driver FE5CEA76-4F72-49E8-986F-2CD899DFFE5D
InstallProtocolInterface: 5B1B31A1-9562-11D2-8E3F-00A0C969723B 710A040
Loading driver at 0x000070A6000 EntryPoint=0x000070A9B2F FaultTolerantWriteDxe.efi
InstallProtocolInterface: BC62157E-3E33-4FEC-9920-2D3B36D750DF 710AD18
ProtectUefiImageCommon - 0x710A040
  - 0x00000000070A6000 - 0x0000000000005500
Ftw: FtwWorkSpaceLba - 0x40, WorkBlockSize  - 0x1000, FtwWorkSpaceBase - 0x0
Ftw: FtwSpareLba     - 0x42, SpareBlockSize - 0x1000
Ftw: NumberOfWorkBlock - 0x1, FtwWorkBlockLba - 0x40
Ftw: WorkSpaceLbaInSpare - 0x0, WorkSpaceBaseInSpare - 0x0
Ftw: Remaining work space size - FE0
Ftw: Work block header check mismatch
Ftw: Work block header check mismatch
Ftw: Both working and spare blocks are invalid, init workspace
Ftw: start to reclaim work space
Ftw: reclaim work space successfully
InstallProtocolInterface: 3EBD9E82-2C78-4DE6-9786-8D4BFCB7C881 7108028
NOTICE - AuthVariableLibInitialize() returns Unsupported!
Variable driver will continue to work without auth variable support!
RecordSecureBootPolicyVarData GetVariable SecureBoot Status E
InstallProtocolInterface: 6441F818-6362-4E44-B570-7DBA31DD2453 0
Loading driver 378D7B65-8DA9-4773-B6E4-A47826A833E1
InstallProtocolInterface: 5B1B31A1-9562-11D2-8E3F-00A0C969723B 710A440
Loading driver at 0x00007ABD000 EntryPoint=0x00007AC0044 PcRtc.efi
InstallProtocolInterface: BC62157E-3E33-4FEC-9920-2D3B36D750DF 710A998
ProtectUefiImageCommon - 0x710A440
  - 0x0000000007ABD000 - 0x0000000000006000
SetUefiImageMemoryAttributes - 0x0000000007ABD000 - 0x0000000000001000 (0x0000000000004008)
SetUefiImageMemoryAttributes - 0x0000000007ABE000 - 0x0000000000004000 (0x0000000000020008)
SetUefiImageMemoryAttributes - 0x0000000007AC2000 - 0x0000000000001000 (0x0000000000004008)
InstallProtocolInterface: 27CFAC87-46CC-11D4-9A38-0090273FC14D 0
Loading driver F099D67F-71AE-4C36-B2A3-DCEB0EB2B7D8
InstallProtocolInterface: 5B1B31A1-9562-11D2-8E3F-00A0C969723B 70F81C0
Loading driver at 0x000070D5000 EntryPoint=0x000070D5FBE WatchdogTimer.efi
InstallProtocolInterface: BC62157E-3E33-4FEC-9920-2D3B36D750DF 70F8B98
ProtectUefiImageCommon - 0x70F81C0
  - 0x00000000070D5000 - 0x0000000000001E00
InstallProtocolInterface: 665E3FF5-46CC-11D4-9A38-0090273FC14D 70D6C70
Loading driver AD608272-D07F-4964-801E-7BD3B7888652
InstallProtocolInterface: 5B1B31A1-9562-11D2-8E3F-00A0C969723B 70F7040
Loading driver at 0x00007AB9000 EntryPoint=0x00007ABAD8F MonotonicCounterRuntimeDxe.efi
InstallProtocolInterface: BC62157E-3E33-4FEC-9920-2D3B36D750DF 70F7D18
ProtectUefiImageCommon - 0x70F7040
  - 0x0000000007AB9000 - 0x0000000000004000
SetUefiImageMemoryAttributes - 0x0000000007AB9000 - 0x0000000000001000 (0x0000000000004008)
SetUefiImageMemoryAttributes - 0x0000000007ABA000 - 0x0000000000002000 (0x0000000000020008)
SetUefiImageMemoryAttributes - 0x0000000007ABC000 - 0x0000000000001000 (0x0000000000004008)
InstallProtocolInterface: 1DA97072-BDDC-4B30-99F1-72A0B56FFF2A 0
Loading driver 42857F0A-13F2-4B21-8A23-53D3F714B840
InstallProtocolInterface: 5B1B31A1-9562-11D2-8E3F-00A0C969723B 70F74C0
Loading driver at 0x00007AB5000 EntryPoint=0x00007AB6FE8 CapsuleRuntimeDxe.efi
InstallProtocolInterface: BC62157E-3E33-4FEC-9920-2D3B36D750DF 70F7898
ProtectUefiImageCommon - 0x70F74C0
  - 0x0000000007AB5000 - 0x0000000000004000
SetUefiImageMemoryAttributes - 0x0000000007AB5000 - 0x0000000000001000 (0x0000000000004008)
SetUefiImageMemoryAttributes - 0x0000000007AB6000 - 0x0000000000002000 (0x0000000000020008)
SetUefiImageMemoryAttributes - 0x0000000007AB8000 - 0x0000000000001000 (0x0000000000004008)
InstallProtocolInterface: 5053697E-2CBC-4819-90D9-0580DEEE5754 0
Loading driver EBF8ED7C-0DD1-4787-84F1-F48D537DCACF
InstallProtocolInterface: 5B1B31A1-9562-11D2-8E3F-00A0C969723B 70F60C0
Loading driver at 0x0000709A000 EntryPoint=0x0000709DAC2 DriverHealthManagerDxe.efi
InstallProtocolInterface: BC62157E-3E33-4FEC-9920-2D3B36D750DF 70F6A18
ProtectUefiImageCommon - 0x70F60C0
  - 0x000000000709A000 - 0x0000000000005D40
InstallProtocolInterface: 09576E91-6D3F-11D2-8E39-00A0C969723B 709FAE0
InstallProtocolInterface: 330D4706-F2A0-4E4F-A369-B66FA8D54385 709FAB0
Loading driver 6D33944A-EC75-4855-A54D-809C75241F6C
InstallProtocolInterface: 5B1B31A1-9562-11D2-8E3F-00A0C969723B 70D4D40
Loading driver at 0x00007064000 EntryPoint=0x0000706B7BC BdsDxe.efi
InstallProtocolInterface: BC62157E-3E33-4FEC-9920-2D3B36D750DF 70F5C98
ProtectUefiImageCommon - 0x70D4D40
  - 0x0000000007064000 - 0x000000000001AA00
Select Item: 0x0
FW CFG Signature: 0x554D4551
Select Item: 0x1
FW CFG Revision: 0x3
QemuFwCfg interface (DMA) is supported.
InstallProtocolInterface: 665E3FF6-46CC-11D4-9A38-0090273FC14D 707E190
Loading driver 28A03FF4-12B3-4305-A417-BB1A4F94081E
InstallProtocolInterface: 5B1B31A1-9562-11D2-8E3F-00A0C969723B 70D42C0
Loading driver at 0x00007084000 EntryPoint=0x0000708AA22 RamDiskDxe.efi
InstallProtocolInterface: BC62157E-3E33-4FEC-9920-2D3B36D750DF 70F5318
ProtectUefiImageCommon - 0x70D42C0
  - 0x0000000007084000 - 0x000000000000A780
InstallProtocolInterface: 09576E91-6D3F-11D2-8E39-00A0C969723B 70D4B18
InstallProtocolInterface: 330D4706-F2A0-4E4F-A369-B66FA8D54385 708E4F8
InstallProtocolInterface: 09576E91-6D3F-11D2-8E39-00A0C969723B 708E3E0
InstallProtocolInterface: 330D4706-F2A0-4E4F-A369-B66FA8D54385 70D3C30
InstallProtocolInterface: AB38A0DF-6873-44A9-87E6-D4EB56148449 708E430
InstallProtocolInterface: 28A03FF4-12B3-4305-A417-BB1A4F94081E 70D3C18
Loading driver E660EA85-058E-4B55-A54B-F02F83A24707
InstallProtocolInterface: 5B1B31A1-9562-11D2-8E3F-00A0C969723B 70D16C0
Loading driver at 0x0000703C000 EntryPoint=0x00007042339 DisplayEngine.efi
InstallProtocolInterface: BC62157E-3E33-4FEC-9920-2D3B36D750DF 70D1C98
ProtectUefiImageCommon - 0x70D16C0
  - 0x000000000703C000 - 0x0000000000013440
InstallProtocolInterface: 9BBE29E9-FDA1-41EC-AD52-452213742D2E 704D8D0
InstallProtocolInterface: 4311EDC0-6054-46D4-9E40-893EA952FCCC 704D8E8
Loading driver 4110465D-5FF3-4F4B-B580-24ED0D06747A
InstallProtocolInterface: 5B1B31A1-9562-11D2-8E3F-00A0C969723B 70BA7C0
Loading driver at 0x00007097000 EntryPoint=0x000070985CB SmbiosPlatformDxe.efi
InstallProtocolInterface: BC62157E-3E33-4FEC-9920-2D3B36D750DF 70BA118
ProtectUefiImageCommon - 0x70BA7C0
  - 0x0000000007097000 - 0x0000000000002A80
Select Item: 0x0
FW CFG Signature: 0x554D4551
Select Item: 0x1
FW CFG Revision: 0x3
QemuFwCfg interface (DMA) is supported.
Select Item: 0x19
Select Item: 0x27
SmbiosAdd: Smbios type 1 with size 0x53 is added to 32-bit table
SmbiosCreateTable: Initialize 32-bit entry point structure
SmbiosCreateTable() re-allocate SMBIOS 32-bit table
SmbiosAdd: Smbios type 3 with size 0x2C is added to 32-bit table
SmbiosAdd: Smbios type 4 with size 0x46 is added to 32-bit table
SmbiosAdd: Smbios type 16 with size 0x19 is added to 32-bit table
SmbiosAdd: Smbios type 17 with size 0x35 is added to 32-bit table
SmbiosAdd: Smbios type 19 with size 0x21 is added to 32-bit table
SmbiosAdd: Smbios type 32 with size 0xD is added to 32-bit table
SmbiosAdd: Smbios type 0 with size 0x4A is added to 32-bit table
Loading driver FA20568B-548B-4B2B-81EF-1BA08D4A3CEC
InstallProtocolInterface: 5B1B31A1-9562-11D2-8E3F-00A0C969723B 70A42C0
Loading driver at 0x0000702C000 EntryPoint=0x0000703556E BootScriptExecutorDxe.efi
InstallProtocolInterface: BC62157E-3E33-4FEC-9920-2D3B36D750DF 70A4618
ProtectUefiImageCommon - 0x70A42C0
  - 0x000000000702C000 - 0x000000000000F380
Select Item: 0x0
FW CFG Signature: 0x554D4551
Select Item: 0x1
FW CFG Revision: 0x3
QemuFwCfg interface (DMA) is supported.
Select Item: 0x19
Select Item: 0x28
Loading driver D9DCC5DF-4007-435E-9098-8970935504B2
InstallProtocolInterface: 5B1B31A1-9562-11D2-8E3F-00A0C969723B 70A3BC0
Loading driver at 0x0000707F000 EntryPoint=0x000070816D7 PlatformDxe.efi
InstallProtocolInterface: BC62157E-3E33-4FEC-9920-2D3B36D750DF 70A3118
ProtectUefiImageCommon - 0x70A3BC0
  - 0x000000000707F000 - 0x0000000000004600
InstallProtocolInterface: 09576E91-6D3F-11D2-8E39-00A0C969723B 7083440
InstallProtocolInterface: 330D4706-F2A0-4E4F-A369-B66FA8D54385 7083510
Loading driver 93B80004-9FB3-11D4-9A3A-0090273FC14D
InstallProtocolInterface: 5B1B31A1-9562-11D2-8E3F-00A0C969723B 70A27C0
Loading driver at 0x0000701D000 EntryPoint=0x0000701FA70 PciBusDxe.efi
InstallProtocolInterface: BC62157E-3E33-4FEC-9920-2D3B36D750DF 70A2A98
ProtectUefiImageCommon - 0x70A27C0
  - 0x000000000701D000 - 0x000000000000EE80
InstallProtocolInterface: 18A031AB-B443-4D1A-A5C0-0C09261E9F71 702BB60
InstallProtocolInterface: 107A772C-D5E1-11D4-9A46-0090273FC14D 702BB30
InstallProtocolInterface: 6A7A5CFF-E8D9-4F70-BADA-75AB3025CE14 702BB10
InstallProtocolInterface: 19CB87AB-2CB9-4665-8360-DDCF6054F79D 702BAF0
Loading driver 83DD3B39-7CAF-4FAC-A542-E050B767E3A7
InstallProtocolInterface: 5B1B31A1-9562-11D2-8E3F-00A0C969723B 70A1B40
Loading driver at 0x00007091000 EntryPoint=0x00007092C65 VirtioPciDeviceDxe.efi
InstallProtocolInterface: BC62157E-3E33-4FEC-9920-2D3B36D750DF 70A1E18
ProtectUefiImageCommon - 0x70A1B40
  - 0x0000000007091000 - 0x0000000000002F80
InstallProtocolInterface: 18A031AB-B443-4D1A-A5C0-0C09261E9F71 7093E20
InstallProtocolInterface: 107A772C-D5E1-11D4-9A46-0090273FC14D 7093E00
InstallProtocolInterface: 6A7A5CFF-E8D9-4F70-BADA-75AB3025CE14 7093DE0
Loading driver 0170F60C-1D40-4651-956D-F0BD9879D527
InstallProtocolInterface: 5B1B31A1-9562-11D2-8E3F-00A0C969723B 70A1140
Loading driver at 0x0000705A000 EntryPoint=0x0000705D346 Virtio10.efi
InstallProtocolInterface: BC62157E-3E33-4FEC-9920-2D3B36D750DF 70A1698
ProtectUefiImageCommon - 0x70A1140
  - 0x000000000705A000 - 0x0000000000004B00
InstallProtocolInterface: 18A031AB-B443-4D1A-A5C0-0C09261E9F71 705E9A0
InstallProtocolInterface: 107A772C-D5E1-11D4-9A46-0090273FC14D 705E980
InstallProtocolInterface: 6A7A5CFF-E8D9-4F70-BADA-75AB3025CE14 705E960
Loading driver 11D92DFB-3CA9-4F93-BA2E-4780ED3E03B5
InstallProtocolInterface: 5B1B31A1-9562-11D2-8E3F-00A0C969723B 70A0B40
Loading driver at 0x00007056000 EntryPoint=0x00007058230 VirtioBlkDxe.efi
InstallProtocolInterface: BC62157E-3E33-4FEC-9920-2D3B36D750DF 70A0E98
ProtectUefiImageCommon - 0x70A0B40
  - 0x0000000007056000 - 0x0000000000003500
InstallProtocolInterface: 18A031AB-B443-4D1A-A5C0-0C09261E9F71 70593C0
InstallProtocolInterface: 107A772C-D5E1-11D4-9A46-0090273FC14D 70593A0
InstallProtocolInterface: 6A7A5CFF-E8D9-4F70-BADA-75AB3025CE14 7059380
Loading driver FAB5D4F4-83C0-4AAF-8480-442D11DF6CEA
InstallProtocolInterface: 5B1B31A1-9562-11D2-8E3F-00A0C969723B 70A01C0
Loading driver at 0x00007052000 EntryPoint=0x00007054752 VirtioScsiDxe.efi
InstallProtocolInterface: BC62157E-3E33-4FEC-9920-2D3B36D750DF 70A0498
ProtectUefiImageCommon - 0x70A01C0
  - 0x0000000007052000 - 0x00000000000039C0
InstallProtocolInterface: 18A031AB-B443-4D1A-A5C0-0C09261E9F71 7055880
InstallProtocolInterface: 107A772C-D5E1-11D4-9A46-0090273FC14D 7055860
InstallProtocolInterface: 6A7A5CFF-E8D9-4F70-BADA-75AB3025CE14 7055840
Loading driver 58E26F0D-CBAC-4BBA-B70F-18221415665A
InstallProtocolInterface: 5B1B31A1-9562-11D2-8E3F-00A0C969723B 7096CC0
Loading driver at 0x0000701A000 EntryPoint=0x0000701BD06 VirtioRngDxe.efi
InstallProtocolInterface: BC62157E-3E33-4FEC-9920-2D3B36D750DF 7096B18
ProtectUefiImageCommon - 0x7096CC0
  - 0x000000000701A000 - 0x0000000000002F00
InstallProtocolInterface: 18A031AB-B443-4D1A-A5C0-0C09261E9F71 701CDA0
InstallProtocolInterface: 107A772C-D5E1-11D4-9A46-0090273FC14D 701CD80
InstallProtocolInterface: 6A7A5CFF-E8D9-4F70-BADA-75AB3025CE14 701CD60
Loading driver 30346B14-1580-4781-879D-BA0C55AE9BB2
InstallProtocolInterface: 5B1B31A1-9562-11D2-8E3F-00A0C969723B 70962C0
Loading driver at 0x00007016000 EntryPoint=0x000070181D3 PvScsiDxe.efi
InstallProtocolInterface: BC62157E-3E33-4FEC-9920-2D3B36D750DF 7096918
ProtectUefiImageCommon - 0x70962C0
  - 0x0000000007016000 - 0x0000000000003440
InstallProtocolInterface: 18A031AB-B443-4D1A-A5C0-0C09261E9F71 7019300
InstallProtocolInterface: 107A772C-D5E1-11D4-9A46-0090273FC14D 70192E0
InstallProtocolInterface: 6A7A5CFF-E8D9-4F70-BADA-75AB3025CE14 70192C0
Loading driver 2B3DB5DD-B315-4961-8454-0AFF3C811B19
InstallProtocolInterface: 5B1B31A1-9562-11D2-8E3F-00A0C969723B 70950C0
Loading driver at 0x00007012000 EntryPoint=0x000070140CC MptScsiDxe.efi
InstallProtocolInterface: BC62157E-3E33-4FEC-9920-2D3B36D750DF 7095A18
ProtectUefiImageCommon - 0x70950C0
  - 0x0000000007012000 - 0x0000000000003380
InstallProtocolInterface: 18A031AB-B443-4D1A-A5C0-0C09261E9F71 7015240
InstallProtocolInterface: 107A772C-D5E1-11D4-9A46-0090273FC14D 7015220
InstallProtocolInterface: 6A7A5CFF-E8D9-4F70-BADA-75AB3025CE14 7015200
Loading driver 51CCF399-4FDF-4E55-A45B-E123F84D456A
InstallProtocolInterface: 5B1B31A1-9562-11D2-8E3F-00A0C969723B 70954C0
Loading driver at 0x0000700E000 EntryPoint=0x000070106A8 ConPlatformDxe.efi
InstallProtocolInterface: BC62157E-3E33-4FEC-9920-2D3B36D750DF 7095818
ProtectUefiImageCommon - 0x70954C0
  - 0x000000000700E000 - 0x0000000000003E80
InstallProtocolInterface: 18A031AB-B443-4D1A-A5C0-0C09261E9F71 7011C60
InstallProtocolInterface: 107A772C-D5E1-11D4-9A46-0090273FC14D 7011CD0
InstallProtocolInterface: 6A7A5CFF-E8D9-4F70-BADA-75AB3025CE14 7011CB0
InstallProtocolInterface: 18A031AB-B443-4D1A-A5C0-0C09261E9F71 7011C20
InstallProtocolInterface: 107A772C-D5E1-11D4-9A46-0090273FC14D 7011CD0
InstallProtocolInterface: 6A7A5CFF-E8D9-4F70-BADA-75AB3025CE14 7011CB0
Loading driver 408EDCEC-CF6D-477C-A5A8-B4844E3DE281
InstallProtocolInterface: 5B1B31A1-9562-11D2-8E3F-00A0C969723B 7094140
Loading driver at 0x00006DF8000 EntryPoint=0x00006DFCF51 ConSplitterDxe.efi
InstallProtocolInterface: BC62157E-3E33-4FEC-9920-2D3B36D750DF 7094898
ProtectUefiImageCommon - 0x7094140
  - 0x0000000006DF8000 - 0x0000000000007240
InstallProtocolInterface: 18A031AB-B443-4D1A-A5C0-0C09261E9F71 6DFEF20
InstallProtocolInterface: 107A772C-D5E1-11D4-9A46-0090273FC14D 6DFEEF0
InstallProtocolInterface: 6A7A5CFF-E8D9-4F70-BADA-75AB3025CE14 6DFEED0
InstallProtocolInterface: 18A031AB-B443-4D1A-A5C0-0C09261E9F71 6DFEEA0
InstallProtocolInterface: 107A772C-D5E1-11D4-9A46-0090273FC14D 6DFEE70
InstallProtocolInterface: 6A7A5CFF-E8D9-4F70-BADA-75AB3025CE14 6DFEE50
InstallProtocolInterface: 18A031AB-B443-4D1A-A5C0-0C09261E9F71 6DFEE20
InstallProtocolInterface: 107A772C-D5E1-11D4-9A46-0090273FC14D 6DFEDF0
InstallProtocolInterface: 6A7A5CFF-E8D9-4F70-BADA-75AB3025CE14 6DFEDD0
InstallProtocolInterface: 18A031AB-B443-4D1A-A5C0-0C09261E9F71 6DFEDA0
InstallProtocolInterface: 107A772C-D5E1-11D4-9A46-0090273FC14D 6DFED70
InstallProtocolInterface: 6A7A5CFF-E8D9-4F70-BADA-75AB3025CE14 6DFED50
InstallProtocolInterface: 18A031AB-B443-4D1A-A5C0-0C09261E9F71 6DFED20
InstallProtocolInterface: 107A772C-D5E1-11D4-9A46-0090273FC14D 6DFECF0
InstallProtocolInterface: 6A7A5CFF-E8D9-4F70-BADA-75AB3025CE14 6DFECD0
InstallProtocolInterface: 387477C1-69C7-11D2-8E39-00A0C969723B 6DFEB50
InstallProtocolInterface: DD9E7534-7762-4698-8C14-F58517A625AA 6DFEB80
InstallProtocolInterface: 31878C87-0B75-11D5-9A4F-0090273FC14D 6DFEBF0
InstallProtocolInterface: 8D59D32B-C655-4AE9-9B15-F25904992A43 6DFEC48
InstallProtocolInterface: 387477C2-69C7-11D2-8E39-00A0C969723B 6DFEF90
InstallProtocolInterface: 387477C2-69C7-11D2-8E39-00A0C969723B 6DFE9F0
Loading driver CCCB0C28-4B24-11D5-9A5A-0090273FC14D
InstallProtocolInterface: 5B1B31A1-9562-11D2-8E3F-00A0C969723B 7062C40
Loading driver at 0x00007002000 EntryPoint=0x00007004FB7 GraphicsConsoleDxe.efi
InstallProtocolInterface: BC62157E-3E33-4FEC-9920-2D3B36D750DF 7062B18
ProtectUefiImageCommon - 0x7062C40
  - 0x0000000007002000 - 0x0000000000005D80
InstallProtocolInterface: 18A031AB-B443-4D1A-A5C0-0C09261E9F71 7007B80
InstallProtocolInterface: 107A772C-D5E1-11D4-9A46-0090273FC14D 7007B60
InstallProtocolInterface: 6A7A5CFF-E8D9-4F70-BADA-75AB3025CE14 7007B40
Loading driver 9E863906-A40F-4875-977F-5B93FF237FC6
InstallProtocolInterface: 5B1B31A1-9562-11D2-8E3F-00A0C969723B 70623C0
Loading driver at 0x00006DE8000 EntryPoint=0x00006DED900 TerminalDxe.efi
InstallProtocolInterface: BC62157E-3E33-4FEC-9920-2D3B36D750DF 7061F98
ProtectUefiImageCommon - 0x70623C0
  - 0x0000000006DE8000 - 0x0000000000007B40
InstallProtocolInterface: 18A031AB-B443-4D1A-A5C0-0C09261E9F71 6DEF960
InstallProtocolInterface: 107A772C-D5E1-11D4-9A46-0090273FC14D 6DEF930
InstallProtocolInterface: 6A7A5CFF-E8D9-4F70-BADA-75AB3025CE14 6DEF910
Loading driver 806040CA-DAD9-4978-A3B4-2D2AB0C8A48F
InstallProtocolInterface: 5B1B31A1-9562-11D2-8E3F-00A0C969723B 7061140
Loading driver at 0x00006DF4000 EntryPoint=0x00006DF6088 QemuKernelLoaderFsDxe.efi
InstallProtocolInterface: BC62157E-3E33-4FEC-9920-2D3B36D750DF 7061398
ProtectUefiImageCommon - 0x7061140
  - 0x0000000006DF4000 - 0x0000000000003CC0
Select Item: 0x0
FW CFG Signature: 0x554D4551
Select Item: 0x1
FW CFG Revision: 0x3
QemuFwCfg interface (DMA) is supported.
Select Item: 0x17
Select Item: 0x8
Select Item: 0xB
Select Item: 0x14
Error: Image at 00006DF4000 start failed: Not Found
Loading driver 6B38F7B4-AD98-40E9-9093-ACA2B5A253C4
InstallProtocolInterface: 5B1B31A1-9562-11D2-8E3F-00A0C969723B 7061140
Loading driver at 0x00006DE3000 EntryPoint=0x00006DE5F2B DiskIoDxe.efi
InstallProtocolInterface: BC62157E-3E33-4FEC-9920-2D3B36D750DF 7061598
ProtectUefiImageCommon - 0x7061140
  - 0x0000000006DE3000 - 0x0000000000004800
InstallProtocolInterface: 18A031AB-B443-4D1A-A5C0-0C09261E9F71 6DE7680
InstallProtocolInterface: 107A772C-D5E1-11D4-9A46-0090273FC14D 6DE7650
InstallProtocolInterface: 6A7A5CFF-E8D9-4F70-BADA-75AB3025CE14 6DE7630
Loading driver 1FA1F39E-FEFF-4AAE-BD7B-38A070A3B609
InstallProtocolInterface: 5B1B31A1-9562-11D2-8E3F-00A0C969723B 7060040
Loading driver at 0x00006DDC000 EntryPoint=0x00006DE0AA9 PartitionDxe.efi
InstallProtocolInterface: BC62157E-3E33-4FEC-9920-2D3B36D750DF 7060D18
ProtectUefiImageCommon - 0x7060040
  - 0x0000000006DDC000 - 0x0000000000006540
InstallProtocolInterface: 18A031AB-B443-4D1A-A5C0-0C09261E9F71 6DE23E0
InstallProtocolInterface: 107A772C-D5E1-11D4-9A46-0090273FC14D 6DE23C0
InstallProtocolInterface: 6A7A5CFF-E8D9-4F70-BADA-75AB3025CE14 6DE23A0
Loading driver CD3BAFB6-50FB-4FE8-8E4E-AB74D2C1A600
InstallProtocolInterface: 5B1B31A1-9562-11D2-8E3F-00A0C969723B 70609C0
Loading driver at 0x00006DF5000 EntryPoint=0x00006DF619E EnglishDxe.efi
InstallProtocolInterface: BC62157E-3E33-4FEC-9920-2D3B36D750DF 7060898
ProtectUefiImageCommon - 0x70609C0
  - 0x0000000006DF5000 - 0x00000000000020C0
InstallProtocolInterface: 1D85CD7F-F43D-11D2-9A0C-0090273FC14D 6DF6C20
InstallProtocolInterface: A4C751FC-23AE-4C3E-92E9-4964CF63F349 6DF6BC0
Loading driver 0167CCC4-D0F7-4F21-A3EF-9E64B7CDCE8B
InstallProtocolInterface: 5B1B31A1-9562-11D2-8E3F-00A0C969723B 705FC40
Loading driver at 0x00006DF1000 EntryPoint=0x00006DF3A9E ScsiBus.efi
InstallProtocolInterface: BC62157E-3E33-4FEC-9920-2D3B36D750DF 7060498
ProtectUefiImageCommon - 0x705FC40
  - 0x0000000006DF1000 - 0x0000000000003F00
InstallProtocolInterface: 18A031AB-B443-4D1A-A5C0-0C09261E9F71 6DF4D60
InstallProtocolInterface: 107A772C-D5E1-11D4-9A46-0090273FC14D 6DF4D40
InstallProtocolInterface: 6A7A5CFF-E8D9-4F70-BADA-75AB3025CE14 6DF4D20
Loading driver 0A66E322-3740-4CCE-AD62-BD172CECCA35
InstallProtocolInterface: 5B1B31A1-9562-11D2-8E3F-00A0C969723B 705F240
Loading driver at 0x00006DC8000 EntryPoint=0x00006DCFF9B ScsiDisk.efi
InstallProtocolInterface: BC62157E-3E33-4FEC-9920-2D3B36D750DF 705F198
ProtectUefiImageCommon - 0x705F240
  - 0x0000000006DC8000 - 0x0000000000009A00
InstallProtocolInterface: 18A031AB-B443-4D1A-A5C0-0C09261E9F71 6DD18A0
InstallProtocolInterface: 107A772C-D5E1-11D4-9A46-0090273FC14D 6DD1870
InstallProtocolInterface: 6A7A5CFF-E8D9-4F70-BADA-75AB3025CE14 6DD1850
Loading driver 021722D8-522B-4079-852A-FE44C2C13F49
InstallProtocolInterface: 5B1B31A1-9562-11D2-8E3F-00A0C969723B 7051B40
Loading driver at 0x00006DD8000 EntryPoint=0x00006DD9DF0 SataController.efi
InstallProtocolInterface: BC62157E-3E33-4FEC-9920-2D3B36D750DF 7051E98
ProtectUefiImageCommon - 0x7051B40
  - 0x0000000006DD8000 - 0x00000000000031C0
InstallProtocolInterface: 18A031AB-B443-4D1A-A5C0-0C09261E9F71 6DDB060
InstallProtocolInterface: 107A772C-D5E1-11D4-9A46-0090273FC14D 6DDB040
InstallProtocolInterface: 6A7A5CFF-E8D9-4F70-BADA-75AB3025CE14 6DDB020
Loading driver 5E523CB4-D397-4986-87BD-A6DD8B22F455
InstallProtocolInterface: 5B1B31A1-9562-11D2-8E3F-00A0C969723B 70511C0
Loading driver at 0x00006DB2000 EntryPoint=0x00006DBA6D8 AtaAtapiPassThruDxe.efi
InstallProtocolInterface: BC62157E-3E33-4FEC-9920-2D3B36D750DF 7051498
ProtectUefiImageCommon - 0x70511C0
  - 0x0000000006DB2000 - 0x000000000000AFC0
InstallProtocolInterface: 18A031AB-B443-4D1A-A5C0-0C09261E9F71 6DBCDC0
InstallProtocolInterface: 107A772C-D5E1-11D4-9A46-0090273FC14D 6DBCD90
InstallProtocolInterface: 6A7A5CFF-E8D9-4F70-BADA-75AB3025CE14 6DBCD70
Loading driver 19DF145A-B1D4-453F-8507-38816676D7F6
InstallProtocolInterface: 5B1B31A1-9562-11D2-8E3F-00A0C969723B 7050CC0
Loading driver at 0x00006DAB000 EntryPoint=0x00006DAF3DD AtaBusDxe.efi
InstallProtocolInterface: BC62157E-3E33-4FEC-9920-2D3B36D750DF 7050118
ProtectUefiImageCommon - 0x7050CC0
  - 0x0000000006DAB000 - 0x0000000000006380
InstallProtocolInterface: 18A031AB-B443-4D1A-A5C0-0C09261E9F71 6DB1180
InstallProtocolInterface: 107A772C-D5E1-11D4-9A46-0090273FC14D 6DB1150
InstallProtocolInterface: 6A7A5CFF-E8D9-4F70-BADA-75AB3025CE14 6DB1130
Loading driver 5BE3BDF4-53CF-46A3-A6A9-73C34A6E5EE3
InstallProtocolInterface: 5B1B31A1-9562-11D2-8E3F-00A0C969723B 7050340
Loading driver at 0x00006DA1000 EntryPoint=0x00006DA8362 NvmExpressDxe.efi
InstallProtocolInterface: BC62157E-3E33-4FEC-9920-2D3B36D750DF 7050718
ProtectUefiImageCommon - 0x7050340
  - 0x0000000006DA1000 - 0x0000000000009A80
InstallProtocolInterface: 18A031AB-B443-4D1A-A5C0-0C09261E9F71 6DAA8E0
InstallProtocolInterface: 107A772C-D5E1-11D4-9A46-0090273FC14D 6DAA8C0
InstallProtocolInterface: 6A7A5CFF-E8D9-4F70-BADA-75AB3025CE14 6DAA8A0
InstallProtocolInterface: 5C198761-16A8-4E69-972C-89D67954F81D 6DAA890
Loading driver 864E1CA8-85EB-4D63-9DCC-6E0FC90FFD55
InstallProtocolInterface: 5B1B31A1-9562-11D2-8E3F-00A0C969723B 700B1C0
Loading driver at 0x00006DC4000 EntryPoint=0x00006DC5DC4 SioBusDxe.efi
InstallProtocolInterface: BC62157E-3E33-4FEC-9920-2D3B36D750DF 700BD18
ProtectUefiImageCommon - 0x700B1C0
  - 0x0000000006DC4000 - 0x0000000000003180
InstallProtocolInterface: 18A031AB-B443-4D1A-A5C0-0C09261E9F71 6DC6FE0
InstallProtocolInterface: 107A772C-D5E1-11D4-9A46-0090273FC14D 6DC6FC0
InstallProtocolInterface: 6A7A5CFF-E8D9-4F70-BADA-75AB3025CE14 6DC6FA0
Loading driver E2775B47-D453-4EE3-ADA7-391A1B05AC17
InstallProtocolInterface: 5B1B31A1-9562-11D2-8E3F-00A0C969723B 700B640
Loading driver at 0x00006DD2000 EntryPoint=0x00006DD659B PciSioSerialDxe.efi
InstallProtocolInterface: BC62157E-3E33-4FEC-9920-2D3B36D750DF 700AF98
ProtectUefiImageCommon - 0x700B640
  - 0x0000000006DD2000 - 0x0000000000006000
InstallProtocolInterface: 18A031AB-B443-4D1A-A5C0-0C09261E9F71 6DD7E40
InstallProtocolInterface: 107A772C-D5E1-11D4-9A46-0090273FC14D 6DD7E20
InstallProtocolInterface: 6A7A5CFF-E8D9-4F70-BADA-75AB3025CE14 6DD7E00
Loading driver C4D1F932-821F-4744-BF06-6D30F7730F8D
InstallProtocolInterface: 5B1B31A1-9562-11D2-8E3F-00A0C969723B 700A140
Loading driver at 0x00006D9B000 EntryPoint=0x00006D9EB06 Ps2KeyboardDxe.efi
InstallProtocolInterface: BC62157E-3E33-4FEC-9920-2D3B36D750DF 700A398
ProtectUefiImageCommon - 0x700A140
  - 0x0000000006D9B000 - 0x0000000000005740
InstallProtocolInterface: 18A031AB-B443-4D1A-A5C0-0C09261E9F71 6DA05A0
InstallProtocolInterface: 107A772C-D5E1-11D4-9A46-0090273FC14D 6DA0570
InstallProtocolInterface: 6A7A5CFF-E8D9-4F70-BADA-75AB3025CE14 6DA0550
Loading driver B8E62775-BB0A-43F0-A843-5BE8B14F8CCD
InstallProtocolInterface: 5B1B31A1-9562-11D2-8E3F-00A0C969723B 700A540
Loading driver at 0x00006DBE000 EntryPoint=0x00006DBF5A1 BootGraphicsResourceTableDxe.efi
InstallProtocolInterface: BC62157E-3E33-4FEC-9920-2D3B36D750DF 7009E98
ProtectUefiImageCommon - 0x700A540
  - 0x0000000006DBE000 - 0x0000000000002880
InstallProtocolInterface: CDEA2BD3-FC25-4C1C-B97C-B31186064990 6DC0650
InstallProtocolInterface: 4B5DC1DF-1EAA-48B2-A7E9-EAC489A00B5C 6DC0630
Loading driver 961578FE-B6B7-44C3-AF35-6BC705CD2B1F
InstallProtocolInterface: 5B1B31A1-9562-11D2-8E3F-00A0C969723B 70092C0
Loading driver at 0x00006D87000 EntryPoint=0x00006D8EAD2 Fat.efi
InstallProtocolInterface: BC62157E-3E33-4FEC-9920-2D3B36D750DF 7009C18
ProtectUefiImageCommon - 0x70092C0
  - 0x0000000006D87000 - 0x0000000000009BC0
InstallProtocolInterface: 18A031AB-B443-4D1A-A5C0-0C09261E9F71 6D90A40
InstallProtocolInterface: 107A772C-D5E1-11D4-9A46-0090273FC14D 6D90A10
InstallProtocolInterface: 6A7A5CFF-E8D9-4F70-BADA-75AB3025CE14 6D909F0
Loading driver 905F13B0-8F91-4B0A-BD76-E1E78F9422E4
InstallProtocolInterface: 5B1B31A1-9562-11D2-8E3F-00A0C969723B 7008040
Loading driver at 0x00006D80000 EntryPoint=0x00006D848B1 UdfDxe.efi
InstallProtocolInterface: BC62157E-3E33-4FEC-9920-2D3B36D750DF 7008F18
ProtectUefiImageCommon - 0x7008040
  - 0x0000000006D80000 - 0x00000000000060C0
InstallProtocolInterface: 18A031AB-B443-4D1A-A5C0-0C09261E9F71 6D85F80
InstallProtocolInterface: 107A772C-D5E1-11D4-9A46-0090273FC14D 6D85F50
InstallProtocolInterface: 6A7A5CFF-E8D9-4F70-BADA-75AB3025CE14 6D85F30
Loading driver 7BD9DDF7-8B83-488E-AEC9-24C78610289C
InstallProtocolInterface: 5B1B31A1-9562-11D2-8E3F-00A0C969723B 7008440
Loading driver at 0x00006D76000 EntryPoint=0x00006D7CEA2 VirtioFsDxe.efi
InstallProtocolInterface: BC62157E-3E33-4FEC-9920-2D3B36D750DF 7008998
ProtectUefiImageCommon - 0x7008440
  - 0x0000000006D76000 - 0x0000000000009180
InstallProtocolInterface: 18A031AB-B443-4D1A-A5C0-0C09261E9F71 6D7F080
InstallProtocolInterface: 6A7A5CFF-E8D9-4F70-BADA-75AB3025CE14 6D7F050
Loading driver A2F436EA-A127-4EF8-957C-8048606FF670
InstallProtocolInterface: 5B1B31A1-9562-11D2-8E3F-00A0C969723B 7001B40
Loading driver at 0x00006D6E000 EntryPoint=0x00006D730AD SnpDxe.efi
InstallProtocolInterface: BC62157E-3E33-4FEC-9920-2D3B36D750DF 7001098
ProtectUefiImageCommon - 0x7001B40
  - 0x0000000006D6E000 - 0x00000000000071C0
InstallProtocolInterface: 18A031AB-B443-4D1A-A5C0-0C09261E9F71 6D75040
InstallProtocolInterface: 107A772C-D5E1-11D4-9A46-0090273FC14D 6D75010
InstallProtocolInterface: 6A7A5CFF-E8D9-4F70-BADA-75AB3025CE14 6D74FF0
Loading driver E4F61863-FE2C-4B56-A8F4-08519BC439DF
InstallProtocolInterface: 5B1B31A1-9562-11D2-8E3F-00A0C969723B 7001240
Loading driver at 0x00006D67000 EntryPoint=0x00006D6B3EA VlanConfigDxe.efi
InstallProtocolInterface: BC62157E-3E33-4FEC-9920-2D3B36D750DF 7001818
ProtectUefiImageCommon - 0x7001240
  - 0x0000000006D67000 - 0x00000000000069C0
InstallProtocolInterface: 18A031AB-B443-4D1A-A5C0-0C09261E9F71 6D6D7E0
InstallProtocolInterface: 107A772C-D5E1-11D4-9A46-0090273FC14D 6D6D7B0
InstallProtocolInterface: 6A7A5CFF-E8D9-4F70-BADA-75AB3025CE14 6D6D790
Loading driver 025BBFC7-E6A9-4B8B-82AD-6815A1AEAF4A
InstallProtocolInterface: 5B1B31A1-9562-11D2-8E3F-00A0C969723B 7000B40
Loading driver at 0x00006D51000 EntryPoint=0x00006D584FD MnpDxe.efi
InstallProtocolInterface: BC62157E-3E33-4FEC-9920-2D3B36D750DF 7000A98
ProtectUefiImageCommon - 0x7000B40
  - 0x0000000006D51000 - 0x000000000000A240
InstallProtocolInterface: 18A031AB-B443-4D1A-A5C0-0C09261E9F71 6D5B060
InstallProtocolInterface: 107A772C-D5E1-11D4-9A46-0090273FC14D 6D5B040
InstallProtocolInterface: 6A7A5CFF-E8D9-4F70-BADA-75AB3025CE14 6D5B020
Loading driver 529D3F93-E8E9-4E73-B1E1-BDF6A9D50113
InstallProtocolInterface: 5B1B31A1-9562-11D2-8E3F-00A0C969723B 70002C0
Loading driver at 0x00006D61000 EntryPoint=0x00006D650BA ArpDxe.efi
InstallProtocolInterface: BC62157E-3E33-4FEC-9920-2D3B36D750DF 6DF0F18
ProtectUefiImageCommon - 0x70002C0
  - 0x0000000006D61000 - 0x0000000000005D00
InstallProtocolInterface: 18A031AB-B443-4D1A-A5C0-0C09261E9F71 6D66BA0
InstallProtocolInterface: 107A772C-D5E1-11D4-9A46-0090273FC14D 6D66B70
InstallProtocolInterface: 6A7A5CFF-E8D9-4F70-BADA-75AB3025CE14 6D66B50
Loading driver 94734718-0BBC-47FB-96A5-EE7A5AE6A2AD
InstallProtocolInterface: 5B1B31A1-9562-11D2-8E3F-00A0C969723B 6DF0BC0
Loading driver at 0x00006D3B000 EntryPoint=0x00006D426C4 Dhcp4Dxe.efi
InstallProtocolInterface: BC62157E-3E33-4FEC-9920-2D3B36D750DF 6DF0A98
ProtectUefiImageCommon - 0x6DF0BC0
  - 0x0000000006D3B000 - 0x000000000000A4C0
InstallProtocolInterface: 18A031AB-B443-4D1A-A5C0-0C09261E9F71 6D452A0
InstallProtocolInterface: 107A772C-D5E1-11D4-9A46-0090273FC14D 6D45270
InstallProtocolInterface: 6A7A5CFF-E8D9-4F70-BADA-75AB3025CE14 6D45250
Loading driver 9FB1A1F3-3B71-4324-B39A-745CBB015FFF
InstallProtocolInterface: 5B1B31A1-9562-11D2-8E3F-00A0C969723B 6DF02C0
Loading driver at 0x00006D13000 EntryPoint=0x00006D15662 Ip4Dxe.efi
InstallProtocolInterface: BC62157E-3E33-4FEC-9920-2D3B36D750DF 6DF0098
ProtectUefiImageCommon - 0x6DF02C0
  - 0x0000000006D13000 - 0x00000000000131C0
InstallProtocolInterface: 18A031AB-B443-4D1A-A5C0-0C09261E9F71 6D25E60
InstallProtocolInterface: 107A772C-D5E1-11D4-9A46-0090273FC14D 6D25E40
InstallProtocolInterface: 6A7A5CFF-E8D9-4F70-BADA-75AB3025CE14 6D25E20
Loading driver 6D6963AB-906D-4A65-A7CA-BD40E5D6AF2B
InstallProtocolInterface: 5B1B31A1-9562-11D2-8E3F-00A0C969723B 6DC30C0
Loading driver at 0x00006D48000 EntryPoint=0x00006D4E560 Udp4Dxe.efi
InstallProtocolInterface: BC62157E-3E33-4FEC-9920-2D3B36D750DF 6DC3918
ProtectUefiImageCommon - 0x6DC30C0
  - 0x0000000006D48000 - 0x0000000000008840
InstallProtocolInterface: 18A031AB-B443-4D1A-A5C0-0C09261E9F71 6D506A0
InstallProtocolInterface: 107A772C-D5E1-11D4-9A46-0090273FC14D 6D50680
InstallProtocolInterface: 6A7A5CFF-E8D9-4F70-BADA-75AB3025CE14 6D50660
Loading driver DC3641B8-2FA8-4ED3-BC1F-F9962A03454B
InstallProtocolInterface: 5B1B31A1-9562-11D2-8E3F-00A0C969723B 6DC2040
Loading driver at 0x00006D32000 EntryPoint=0x00006D38E5A Mtftp4Dxe.efi
InstallProtocolInterface: BC62157E-3E33-4FEC-9920-2D3B36D750DF 6DC2E98
ProtectUefiImageCommon - 0x6DC2040
  - 0x0000000006D32000 - 0x0000000000009000
InstallProtocolInterface: 18A031AB-B443-4D1A-A5C0-0C09261E9F71 6D3AE60
InstallProtocolInterface: 107A772C-D5E1-11D4-9A46-0090273FC14D 6D3AE40
InstallProtocolInterface: 6A7A5CFF-E8D9-4F70-BADA-75AB3025CE14 6D3AE20
Loading driver 1A7E4468-2F55-4A56-903C-01265EB7622B
InstallProtocolInterface: 5B1B31A1-9562-11D2-8E3F-00A0C969723B 6DC29C0
Loading driver at 0x00006CEF000 EntryPoint=0x00006CF1E3A TcpDxe.efi
InstallProtocolInterface: BC62157E-3E33-4FEC-9920-2D3B36D750DF 6DC2918
ProtectUefiImageCommon - 0x6DC29C0
  - 0x0000000006CEF000 - 0x0000000000011E40
InstallProtocolInterface: 18A031AB-B443-4D1A-A5C0-0C09261E9F71 6D009A0
InstallProtocolInterface: 107A772C-D5E1-11D4-9A46-0090273FC14D 6D00A50
InstallProtocolInterface: 6A7A5CFF-E8D9-4F70-BADA-75AB3025CE14 6D00A30
InstallProtocolInterface: 18A031AB-B443-4D1A-A5C0-0C09261E9F71 6D00960
InstallProtocolInterface: 107A772C-D5E1-11D4-9A46-0090273FC14D 6D00A50
InstallProtocolInterface: 6A7A5CFF-E8D9-4F70-BADA-75AB3025CE14 6D00A30
Loading driver B95E9FDA-26DE-48D2-8807-1F9107AC5E3A
InstallProtocolInterface: 5B1B31A1-9562-11D2-8E3F-00A0C969723B 6DC10C0
Loading driver at 0x00006CDD000 EntryPoint=0x00006CE3735 UefiPxeBcDxe.efi
InstallProtocolInterface: BC62157E-3E33-4FEC-9920-2D3B36D750DF 6DC1A18
ProtectUefiImageCommon - 0x6DC10C0
  - 0x0000000006CDD000 - 0x0000000000011340
Select Item: 0x0
FW CFG Signature: 0x554D4551
Select Item: 0x1
FW CFG Revision: 0x3
QemuFwCfg interface (DMA) is supported.
Select Item: 0x19
Select Item: 0x19
InstallProtocolInterface: 18A031AB-B443-4D1A-A5C0-0C09261E9F71 6CEDE60
InstallProtocolInterface: 107A772C-D5E1-11D4-9A46-0090273FC14D 6CEDF00
InstallProtocolInterface: 6A7A5CFF-E8D9-4F70-BADA-75AB3025CE14 6CEDEE0
InstallProtocolInterface: 18A031AB-B443-4D1A-A5C0-0C09261E9F71 6CEDE20
InstallProtocolInterface: 107A772C-D5E1-11D4-9A46-0090273FC14D 6CEDF00
InstallProtocolInterface: 6A7A5CFF-E8D9-4F70-BADA-75AB3025CE14 6CEDEE0
Loading driver 86CDDF93-4872-4597-8AF9-A35AE4D3725F
InstallProtocolInterface: 5B1B31A1-9562-11D2-8E3F-00A0C969723B 6DBD040
Loading driver at 0x00006C9F000 EntryPoint=0x00006CA6808 IScsiDxe.efi
InstallProtocolInterface: BC62157E-3E33-4FEC-9920-2D3B36D750DF 6DBDE98
ProtectUefiImageCommon - 0x6DBD040
  - 0x0000000006C9F000 - 0x000000000001E080
InstallProtocolInterface: 18A031AB-B443-4D1A-A5C0-0C09261E9F71 6CBCB80
InstallProtocolInterface: 107A772C-D5E1-11D4-9A46-0090273FC14D 6CBCBE0
InstallProtocolInterface: 6A7A5CFF-E8D9-4F70-BADA-75AB3025CE14 6CBCBC0
InstallProtocolInterface: 18A031AB-B443-4D1A-A5C0-0C09261E9F71 6CBCB40
InstallProtocolInterface: 107A772C-D5E1-11D4-9A46-0090273FC14D 6CBCBE0
InstallProtocolInterface: 6A7A5CFF-E8D9-4F70-BADA-75AB3025CE14 6CBCBC0
InstallProtocolInterface: 59324945-EC44-4C0D-B1CD-9DB139DF070C 6CBCB30
InstallProtocolInterface: 09576E91-6D3F-11D2-8E39-00A0C969723B 6CBCC40
InstallProtocolInterface: 330D4706-F2A0-4E4F-A369-B66FA8D54385 6DBDAA8
InstallProtocolInterface: 7671D9D0-53DB-4173-AA69-2327F21F0BC7 6CBCB10
Loading driver A92CDB4B-82F1-4E0B-A516-8A655D371524
InstallProtocolInterface: 5B1B31A1-9562-11D2-8E3F-00A0C969723B 6D98240
Loading driver at 0x00006D0D000 EntryPoint=0x00006D10B7C VirtioNetDxe.efi
InstallProtocolInterface: BC62157E-3E33-4FEC-9920-2D3B36D750DF 6D98998
ProtectUefiImageCommon - 0x6D98240
  - 0x0000000006D0D000 - 0x0000000000005440
InstallProtocolInterface: 18A031AB-B443-4D1A-A5C0-0C09261E9F71 6D12300
InstallProtocolInterface: 107A772C-D5E1-11D4-9A46-0090273FC14D 6D122D0
InstallProtocolInterface: 6A7A5CFF-E8D9-4F70-BADA-75AB3025CE14 6D122B0
Loading driver 2FB92EFA-2EE0-4BAE-9EB6-7464125E1EF7
InstallProtocolInterface: 5B1B31A1-9562-11D2-8E3F-00A0C969723B 6D9A040
Loading driver at 0x00006D06000 EntryPoint=0x00006D0B1EE UhciDxe.efi
InstallProtocolInterface: BC62157E-3E33-4FEC-9920-2D3B36D750DF 6D9AC18
ProtectUefiImageCommon - 0x6D9A040
  - 0x0000000006D06000 - 0x0000000000006E00
InstallProtocolInterface: 18A031AB-B443-4D1A-A5C0-0C09261E9F71 6D0CC60
InstallProtocolInterface: 107A772C-D5E1-11D4-9A46-0090273FC14D 6D0CC40
InstallProtocolInterface: 6A7A5CFF-E8D9-4F70-BADA-75AB3025CE14 6D0CC20
Loading driver BDFE430E-8F2A-4DB0-9991-6F856594777E
InstallProtocolInterface: 5B1B31A1-9562-11D2-8E3F-00A0C969723B 6D9A540
Loading driver at 0x00006CD4000 EntryPoint=0x00006CDA33A EhciDxe.efi
InstallProtocolInterface: BC62157E-3E33-4FEC-9920-2D3B36D750DF 6D9A418
ProtectUefiImageCommon - 0x6D9A540
  - 0x0000000006CD4000 - 0x00000000000087C0
InstallProtocolInterface: 18A031AB-B443-4D1A-A5C0-0C09261E9F71 6CDC620
InstallProtocolInterface: 107A772C-D5E1-11D4-9A46-0090273FC14D 6CDC600
InstallProtocolInterface: 6A7A5CFF-E8D9-4F70-BADA-75AB3025CE14 6CDC5E0
Loading driver B7F50E91-A759-412C-ADE4-DCD03E7F7C28
InstallProtocolInterface: 5B1B31A1-9562-11D2-8E3F-00A0C969723B 6D99D40
Loading driver at 0x00006C92000 EntryPoint=0x00006C9B906 XhciDxe.efi
InstallProtocolInterface: BC62157E-3E33-4FEC-9920-2D3B36D750DF 6D99C18
ProtectUefiImageCommon - 0x6D99D40
  - 0x0000000006C92000 - 0x000000000000CB80
InstallProtocolInterface: 18A031AB-B443-4D1A-A5C0-0C09261E9F71 6C9E9E0
InstallProtocolInterface: 107A772C-D5E1-11D4-9A46-0090273FC14D 6C9E9C0
InstallProtocolInterface: 6A7A5CFF-E8D9-4F70-BADA-75AB3025CE14 6C9E9A0
Loading driver 240612B7-A063-11D4-9A3A-0090273FC14D
InstallProtocolInterface: 5B1B31A1-9562-11D2-8E3F-00A0C969723B 6D992C0
Loading driver at 0x00006CCA000 EntryPoint=0x00006CD06D6 UsbBusDxe.efi
InstallProtocolInterface: BC62157E-3E33-4FEC-9920-2D3B36D750DF 6D99A98
ProtectUefiImageCommon - 0x6D992C0
  - 0x0000000006CCA000 - 0x00000000000092C0
InstallProtocolInterface: 18A031AB-B443-4D1A-A5C0-0C09261E9F71 6CD3100
InstallProtocolInterface: 107A772C-D5E1-11D4-9A46-0090273FC14D 6CD30D0
InstallProtocolInterface: 6A7A5CFF-E8D9-4F70-BADA-75AB3025CE14 6CD30B0
Loading driver 2D2E62CF-9ECF-43B7-8219-94E7FC713DFE
InstallProtocolInterface: 5B1B31A1-9562-11D2-8E3F-00A0C969723B 6D91D40
Loading driver at 0x00006CC3000 EntryPoint=0x00006CC7112 UsbKbDxe.efi
InstallProtocolInterface: BC62157E-3E33-4FEC-9920-2D3B36D750DF 6D91B98
ProtectUefiImageCommon - 0x6D91D40
  - 0x0000000006CC3000 - 0x0000000000006340
InstallProtocolInterface: 18A031AB-B443-4D1A-A5C0-0C09261E9F71 6CC9160
InstallProtocolInterface: 107A772C-D5E1-11D4-9A46-0090273FC14D 6CC9130
InstallProtocolInterface: 6A7A5CFF-E8D9-4F70-BADA-75AB3025CE14 6CC9110
Loading driver 9FB4B4A7-42C0-4BCD-8540-9BCC6711F83E
InstallProtocolInterface: 5B1B31A1-9562-11D2-8E3F-00A0C969723B 6D917C0
Loading driver at 0x00006C8C000 EntryPoint=0x00006C8FC76 UsbMassStorageDxe.efi
InstallProtocolInterface: BC62157E-3E33-4FEC-9920-2D3B36D750DF 6D91A98
ProtectUefiImageCommon - 0x6D917C0
  - 0x0000000006C8C000 - 0x0000000000005980
InstallProtocolInterface: 18A031AB-B443-4D1A-A5C0-0C09261E9F71 6C91820
InstallProtocolInterface: 107A772C-D5E1-11D4-9A46-0090273FC14D 6C917F0
InstallProtocolInterface: 6A7A5CFF-E8D9-4F70-BADA-75AB3025CE14 6C917D0
Loading driver E3752948-B9A1-4770-90C4-DF41C38986BE
InstallProtocolInterface: 5B1B31A1-9562-11D2-8E3F-00A0C969723B 6D5E040
Loading driver at 0x00006C85000 EntryPoint=0x00006C88B36 QemuVideoDxe.efi
InstallProtocolInterface: BC62157E-3E33-4FEC-9920-2D3B36D750DF 6D5EC98
ProtectUefiImageCommon - 0x6D5E040
  - 0x0000000006C85000 - 0x0000000000006040
InstallProtocolInterface: 18A031AB-B443-4D1A-A5C0-0C09261E9F71 6C8AEE0
InstallProtocolInterface: 107A772C-D5E1-11D4-9A46-0090273FC14D 6C8AEC0
InstallProtocolInterface: 6A7A5CFF-E8D9-4F70-BADA-75AB3025CE14 6C8AEA0
Loading driver D6099B94-CD97-4CC5-8714-7F6312701A8A
InstallProtocolInterface: 5B1B31A1-9562-11D2-8E3F-00A0C969723B 6D5E5C0
Loading driver at 0x00006C7F000 EntryPoint=0x00006C82C3C VirtioGpuDxe.efi
InstallProtocolInterface: BC62157E-3E33-4FEC-9920-2D3B36D750DF 6D5E818
ProtectUefiImageCommon - 0x6D5E5C0
  - 0x0000000006C7F000 - 0x00000000000057C0
InstallProtocolInterface: 18A031AB-B443-4D1A-A5C0-0C09261E9F71 6C84660
InstallProtocolInterface: 6A7A5CFF-E8D9-4F70-BADA-75AB3025CE14 6C84640
[Bds] Entry...
[BdsDxe] Locate Variable Policy protocol - Success
Variable Driver Auto Update Lang, Lang:eng, PlatformLang:en Status: Success
!!! DEPRECATED INTERFACE !!! VariableLockRequestToLock() will go away soon!
!!! DEPRECATED INTERFACE !!! Please move to use Variable Policy!
!!! DEPRECATED INTERFACE !!! Variable: 8BE4DF61-93CA-11D2-AA0D-00E098032B8C PlatformRecovery0000
PlatformBootManagerBeforeConsole
Registered NotifyDevPath Event
PCI Bus First Scanning
PciBus: Discovered PCI @ [00|00|00]

PciBus: Discovered PCI @ [00|01|00]

PciBus: Discovered PCI @ [00|01|01]
   BAR[4]: Type =   Io32; Alignment = 0xF;	Length = 0x10;	Offset = 0x20

PciBus: Discovered PCI @ [00|01|03]

PciBus: Discovered PCI @ [00|02|00]
   BAR[0]: Type = PMem32; Alignment = 0xFFFFFF;	Length = 0x1000000;	Offset = 0x10
   BAR[2]: Type =  Mem32; Alignment = 0xFFF;	Length = 0x1000;	Offset = 0x18

PCI Bus Second Scanning
PciBus: Discovered PCI @ [00|00|00]

PciBus: Discovered PCI @ [00|01|00]

PciBus: Discovered PCI @ [00|01|01]
   BAR[4]: Type =   Io32; Alignment = 0xF;	Length = 0x10;	Offset = 0x20

PciBus: Discovered PCI @ [00|01|03]

PciBus: Discovered PCI @ [00|02|00]
   BAR[0]: Type = PMem32; Alignment = 0xFFFFFF;	Length = 0x1000000;	Offset = 0x10
   BAR[2]: Type =  Mem32; Alignment = 0xFFF;	Length = 0x1000;	Offset = 0x18

PciBus: Discovered PCI @ [00|00|00]

PciBus: Discovered PCI @ [00|01|00]

PciBus: Discovered PCI @ [00|01|01]
   BAR[4]: Type =   Io32; Alignment = 0xF;	Length = 0x10;	Offset = 0x20

PciBus: Discovered PCI @ [00|01|03]

PciBus: Discovered PCI @ [00|02|00]
   BAR[0]: Type = PMem32; Alignment = 0xFFFFFF;	Length = 0x1000000;	Offset = 0x10
   BAR[2]: Type =  Mem32; Alignment = 0xFFF;	Length = 0x1000;	Offset = 0x18

PciHostBridge: SubmitResources for PciRoot(0x0)
 I/O: Granularity/SpecificFlag = 0 / 01
      Length/Alignment = 0x1000 / 0xFFF
 Mem: Granularity/SpecificFlag = 32 / 00
      Length/Alignment = 0x1100000 / 0xFFFFFF
PciBus: HostBridge->SubmitResources() - Success
PciHostBridge: NotifyPhase (AllocateResources)
 RootBridge: PciRoot(0x0)
  Mem: Base/Length/Alignment = 80000000/1100000/FFFFFF - Success
  I/O: Base/Length/Alignment = C000/1000/FFF - Success
PciBus: HostBridge->NotifyPhase(AllocateResources) - Success
Process Option ROM: BAR Base/Length = 81000000/10000
PciBus: Resource Map for Root Bridge PciRoot(0x0)
Type =   Io16; Base = 0xC000;	Length = 0x1000;	Alignment = 0xFFF
   Base = 0xC000;	Length = 0x10;	Alignment = 0xF;	Owner = PCI [00|01|01:20]
Type =  Mem32; Base = 0x80000000;	Length = 0x1100000;	Alignment = 0xFFFFFF
   Base = 0x80000000;	Length = 0x1000000;	Alignment = 0xFFFFFF;	Owner = PCI [00|02|00:10]; Type = PMem32
   Base = 0x81000000;	Length = 0x10000;	Alignment = 0xFFFF;	Owner = PCI [00|00|00:00]; Type =  OpRom
   Base = 0x81010000;	Length = 0x1000;	Alignment = 0xFFF;	Owner = PCI [00|02|00:18]

InstallProtocolInterface: 09576E91-6D3F-11D2-8E39-00A0C969723B 6D5CF18
InstallProtocolInterface: 4CF5B200-68B8-4CA5-9EEC-B23E3F50029A 6D5C428
InstallProtocolInterface: 09576E91-6D3F-11D2-8E39-00A0C969723B 6D5CF98
InstallProtocolInterface: 4CF5B200-68B8-4CA5-9EEC-B23E3F50029A 6D5C828
InstallProtocolInterface: 09576E91-6D3F-11D2-8E39-00A0C969723B 6D47E98
InstallProtocolInterface: 4CF5B200-68B8-4CA5-9EEC-B23E3F50029A 6D47028
InstallProtocolInterface: 09576E91-6D3F-11D2-8E39-00A0C969723B 6D47F18
InstallProtocolInterface: 4CF5B200-68B8-4CA5-9EEC-B23E3F50029A 6D47428
InstallProtocolInterface: 09576E91-6D3F-11D2-8E39-00A0C969723B 6D47F98
InstallProtocolInterface: 4CF5B200-68B8-4CA5-9EEC-B23E3F50029A 6D47828
InstallProtocolInterface: 30CFE3E7-3DE1-4586-BE20-DEABA1B3B793 0
OnRootBridgesConnected: root bridges have been connected, installing ACPI tables
Select Item: 0x19
Select Item: 0x29
Select Item: 0x19
Select Item: 0x28
Select Item: 0x19
Select Item: 0x22
Select Item: 0x19
Select Item: 0x23
InstallQemuFwCfgTables: installed 5 tables
PcRtc: Write 0x20 to CMOS location 0x32
AcpiS3ContextSave!
AcpiS3Context: AcpiFacsTable is 0x 7BDD000
AcpiS3Context: IdtrProfile is 0x 7B6C000
AcpiS3Context: S3NvsPageTableAddress is 0x       0
AcpiS3Context: S3DebugBufferAddress is 0x 7B62000
AcpiS3Context: BootScriptStackBase is 0x 7B63000
AcpiS3Context: BootScriptStackSize is 0x    8000
[Variable]END_OF_DXE is signaled
Initialize variable error flag (FF)
Select Item: 0x19
Select Item: 0x28
InstallProtocolInterface: 60FF8964-E906-41D0-AFED-F241E974E08E 0
InstallProtocolInterface: FA20568B-548B-4B2B-81EF-1BA08D4A3CEC 0
Select Item: 0x0
FW CFG Signature: 0x554D4551
Select Item: 0x1
FW CFG Revision: 0x3
QemuFwCfg interface (DMA) is supported.
Select Item: 0x19
Select Item: 0x28
Found LPC Bridge device
BdsPlatform.c+618: COM1 DevPath: PciRoot(0x0)/Pci(0x1,0x0)/Serial(0x0)/Uart(115200,8,N,1)/VenMsg(E0C14753-F9BE-11D2-9A0C-0090273FC14D)
BdsPlatform.c+650: COM2 DevPath: PciRoot(0x0)/Pci(0x1,0x0)/Serial(0x1)/Uart(115200,8,N,1)/VenMsg(E0C14753-F9BE-11D2-9A0C-0090273FC14D)
Found PCI display device
QemuVideo: QEMU Standard VGA detected
QemuVideo: Using mmio bar @ 0x81010000
InstallProtocolInterface: 09576E91-6D3F-11D2-8E39-00A0C969723B 6D27C18
QemuVideoBochsModeSetup: AvailableFbSize=0x1000000
Adding Mode 0 as Bochs Internal Mode 0: 640x480, 32-bit
Adding Mode 1 as Bochs Internal Mode 1: 800x480, 32-bit
Adding Mode 2 as Bochs Internal Mode 2: 800x600, 32-bit
Adding Mode 3 as Bochs Internal Mode 3: 832x624, 32-bit
Adding Mode 4 as Bochs Internal Mode 4: 960x640, 32-bit
Adding Mode 5 as Bochs Internal Mode 5: 1024x600, 32-bit
Adding Mode 6 as Bochs Internal Mode 6: 1024x768, 32-bit
Adding Mode 7 as Bochs Internal Mode 7: 1152x864, 32-bit
Adding Mode 8 as Bochs Internal Mode 8: 1152x870, 32-bit
Adding Mode 9 as Bochs Internal Mode 9: 1280x720, 32-bit
Adding Mode 10 as Bochs Internal Mode 10: 1280x760, 32-bit
Adding Mode 11 as Bochs Internal Mode 11: 1280x768, 32-bit
Adding Mode 12 as Bochs Internal Mode 12: 1280x800, 32-bit
Adding Mode 13 as Bochs Internal Mode 13: 1280x960, 32-bit
Adding Mode 14 as Bochs Internal Mode 14: 1280x1024, 32-bit
Adding Mode 15 as Bochs Internal Mode 15: 1360x768, 32-bit
Adding Mode 16 as Bochs Internal Mode 16: 1366x768, 32-bit
Adding Mode 17 as Bochs Internal Mode 17: 1400x1050, 32-bit
Adding Mode 18 as Bochs Internal Mode 18: 1440x900, 32-bit
Adding Mode 19 as Bochs Internal Mode 19: 1600x900, 32-bit
Adding Mode 20 as Bochs Internal Mode 20: 1600x1200, 32-bit
Adding Mode 21 as Bochs Internal Mode 21: 1680x1050, 32-bit
Adding Mode 22 as Bochs Internal Mode 22: 1920x1080, 32-bit
Adding Mode 23 as Bochs Internal Mode 23: 1920x1200, 32-bit
Adding Mode 24 as Bochs Internal Mode 24: 1920x1440, 32-bit
Adding Mode 25 as Bochs Internal Mode 25: 2000x2000, 32-bit
Adding Mode 26 as Bochs Internal Mode 26: 2048x1536, 32-bit
Adding Mode 27 as Bochs Internal Mode 27: 2048x2048, 32-bit
Adding Mode 28 as Bochs Internal Mode 28: 2560x1440, 32-bit
Adding Mode 29 as Bochs Internal Mode 29: 2560x1600, 32-bit
InitializeBochsGraphicsMode: 640x480 @ 32
PixelBlueGreenRedReserved8BitPerColor
FrameBufferBase: 0x80000000, FrameBufferSize: 0x12C000
0: shl:0 shr:0 mask:FF0000
1: shl:0 shr:0 mask:FF00
2: shl:0 shr:0 mask:FF
Bytes per pixel: 4
0: shl:0 shr:0 mask:FF0000
1: shl:0 shr:0 mask:FF00
2: shl:0 shr:0 mask:FF
Bytes per pixel: 4
InstallProtocolInterface: 9042A9DE-23DC-4A38-96FB-7ADED080516A 75B3338
InstallVbeShim: VBE shim installed
PixelBlueGreenRedReserved8BitPerColor
PixelBlueGreenRedReserved8BitPerColor
PixelBlueGreenRedReserved8BitPerColor
PixelBlueGreenRedReserved8BitPerColor
PixelBlueGreenRedReserved8BitPerColor
PixelBlueGreenRedReserved8BitPerColor
PixelBlueGreenRedReserved8BitPerColor
PixelBlueGreenRedReserved8BitPerColor
PixelBlueGreenRedReserved8BitPerColor
PixelBlueGreenRedReserved8BitPerColor
PixelBlueGreenRedReserved8BitPerColor
PixelBlueGreenRedReserved8BitPerColor
PixelBlueGreenRedReserved8BitPerColor
PixelBlueGreenRedReserved8BitPerColor
PixelBlueGreenRedReserved8BitPerColor
PixelBlueGreenRedReserved8BitPerColor
PixelBlueGreenRedReserved8BitPerColor
PixelBlueGreenRedReserved8BitPerColor
PixelBlueGreenRedReserved8BitPerColor
PixelBlueGreenRedReserved8BitPerColor
PixelBlueGreenRedReserved8BitPerColor
PixelBlueGreenRedReserved8BitPerColor
PixelBlueGreenRedReserved8BitPerColor
PixelBlueGreenRedReserved8BitPerColor
PixelBlueGreenRedReserved8BitPerColor
PixelBlueGreenRedReserved8BitPerColor
PixelBlueGreenRedReserved8BitPerColor
PixelBlueGreenRedReserved8BitPerColor
PixelBlueGreenRedReserved8BitPerColor
PixelBlueGreenRedReserved8BitPerColor
Select Item: 0xE
[Bds]RegisterKeyNotify: 000C/0000 80000000/00 Success
[Bds]RegisterKeyNotify: 0017/0000 80000000/00 Success
[Bds]RegisterKeyNotify: 0000/000D 80000000/00 Success
InstallProtocolInterface: 864E1CA8-85EB-4D63-9DCC-6E0FC90FFD55 6D05C98
InstallProtocolInterface: 09576E91-6D3F-11D2-8E39-00A0C969723B 6D04F18
InstallProtocolInterface: 215FDD18-BD50-4FEB-890B-58CA0B4739E9 6D05C38
InstallProtocolInterface: 09576E91-6D3F-11D2-8E39-00A0C969723B 70A3498
InstallProtocolInterface: 215FDD18-BD50-4FEB-890B-58CA0B4739E9 70A35B8
InstallProtocolInterface: 09576E91-6D3F-11D2-8E39-00A0C969723B 6D04B98
InstallProtocolInterface: 215FDD18-BD50-4FEB-890B-58CA0B4739E9 6D04CB8
ClockRate = 1843200
Divisor   = 1
BaudRate/Actual (115200/115200) = 100%
ClockRate = 1843200
Divisor   = 1
BaudRate/Actual (115200/115200) = 100%
InstallProtocolInterface: 09576E91-6D3F-11D2-8E39-00A0C969723B 6CC2198
InstallProtocolInterface: BB25CF6F-F1D4-11D2-9A0C-0090273FC1FD 6CC2028
PciSioSerial: Create SIO child serial device - Success
ClockRate = 1843200
Divisor   = 1
BaudRate/Actual (115200/115200) = 100%
Terminal - Mode 0, Column = 80, Row = 25
Terminal - Mode 1, Column = 80, Row = 50
Terminal - Mode 2, Column = 100, Row = 31
ClockRate = 1843200
Divisor   = 1
BaudRate/Actual (115200/115200) = 100%
InstallProtocolInterface: 387477C1-69C7-11D2-8E39-00A0C969723B 6D02940
InstallProtocolInterface: DD9E7534-7762-4698-8C14-F58517A625AA 6D02A28
InstallProtocolInterface: 387477C2-69C7-11D2-8E39-00A0C969723B 6D02958
InstallProtocolInterface: 09576E91-6D3F-11D2-8E39-00A0C969723B 6D02C98
InstallProtocolInterface: D3B36F2B-D551-11D4-9A46-0090273FC14D 0
InstallProtocolInterface: D3B36F2C-D551-11D4-9A46-0090273FC14D 0
InstallProtocolInterface: D3B36F2D-D551-11D4-9A46-0090273FC14D 0
ClockRate = 1843200
Divisor   = 1
BaudRate/Actual (115200/115200) = 100%
PciSioSerial: Create SIO child serial device - Device Error
PixelBlueGreenRedReserved8BitPerColor
PixelBlueGreenRedReserved8BitPerColor
PixelBlueGreenRedReserved8BitPerColor
InitializeBochsGraphicsMode: 800x600 @ 32
PixelBlueGreenRedReserved8BitPerColor
FrameBufferBase: 0x80000000, FrameBufferSize: 0x1D5000
0: shl:0 shr:0 mask:FF0000
1: shl:0 shr:0 mask:FF00
2: shl:0 shr:0 mask:FF
Bytes per pixel: 4
0: shl:0 shr:0 mask:FF0000
1: shl:0 shr:0 mask:FF00
2: shl:0 shr:0 mask:FF
Bytes per pixel: 4
GraphicsConsole video resolution 800 x 600
Graphics - Mode 0, Column = 80, Row = 25
Graphics - Mode 1, Column = 0, Row = 0
Graphics - Mode 2, Column = 100, Row = 31
Graphics Console Started, Mode: 0
InstallProtocolInterface: 387477C2-69C7-11D2-8E39-00A0C969723B 6CC1630
InstallProtocolInterface: D3B36F2C-D551-11D4-9A46-0090273FC14D 0
PixelBlueGreenRedReserved8BitPerColor
PixelBlueGreenRedReserved8BitPerColor
PixelBlueGreenRedReserved8BitPerColor
PixelBlueGreenRedReserved8BitPerColor
PixelBlueGreenRedReserved8BitPerColor
PixelBlueGreenRedReserved8BitPerColor
PixelBlueGreenRedReserved8BitPerColor
PixelBlueGreenRedReserved8BitPerColor
PixelBlueGreenRedReserved8BitPerColor
PixelBlueGreenRedReserved8BitPerColor
PixelBlueGreenRedReserved8BitPerColor
PixelBlueGreenRedReserved8BitPerColor
PixelBlueGreenRedReserved8BitPerColor
PixelBlueGreenRedReserved8BitPerColor
PixelBlueGreenRedReserved8BitPerColor
PixelBlueGreenRedReserved8BitPerColor
PixelBlueGreenRedReserved8BitPerColor
PixelBlueGreenRedReserved8BitPerColor
PixelBlueGreenRedReserved8BitPerColor
PixelBlueGreenRedReserved8BitPerColor
PixelBlueGreenRedReserved8BitPerColor
PixelBlueGreenRedReserved8BitPerColor
PixelBlueGreenRedReserved8BitPerColor
PixelBlueGreenRedReserved8BitPerColor
PixelBlueGreenRedReserved8BitPerColor
PixelBlueGreenRedReserved8BitPerColor
PixelBlueGreenRedReserved8BitPerColor
PixelBlueGreenRedReserved8BitPerColor
PixelBlueGreenRedReserved8BitPerColor
PixelBlueGreenRedReserved8BitPerColor
InstallProtocolInterface: 9042A9DE-23DC-4A38-96FB-7ADED080516A 6DFF020
InstallProtocolInterface: 387477C1-69C7-11D2-8E39-00A0C969723B 6C56028
InstallProtocolInterface: DD9E7534-7762-4698-8C14-F58517A625AA 6C56040
InstallProtocolInterface: D3B36F2B-D551-11D4-9A46-0090273FC14D 0
ClockRate = 1843200
Divisor   = 1
BaudRate/Actual (115200/115200) = 100%
PciSioSerial: Create SIO child serial device - Device Error
ClockRate = 1843200
Divisor   = 1
BaudRate/Actual (115200/115200) = 100%
PciSioSerial: Create SIO child serial device - Device Error
PlatformBootManagerAfterConsole
Found Mass Storage device: PciRoot(0x0)/Pci(0x1,0x1)
SataControllerStart START
InstallProtocolInterface: A1E37052-80D9-4E65-A317-3E9A55C43EC9 6D050A0
SataControllerStart END status = Success
==AtaAtapiPassThru Start== Controller = 6D47C18
[secondary] channel [master] [cdrom   ] device
CalculateBestPioMode: AdvancedPioMode = 3
IdeInitCalculateMode: PioMode = 3
CalculateBestUdmaMode: DeviceUDmaMode = 203F
IdeInitCalculateMode: UdmaMode = 5
InstallProtocolInterface: 1D3DE7F0-0807-424F-AA69-11A54E19A46F 6C55040
InstallProtocolInterface: 143B7632-B81B-4CB7-ABD3-B625A5B9BFFE 6C55090
InstallProtocolInterface: 19DF145A-B1D4-453F-8507-38816676D7F6 6C54A98
InstallProtocolInterface: 0167CCC4-D0F7-4F21-A3EF-9E64B7CDCE8B 6C54620
InstallProtocolInterface: 09576E91-6D3F-11D2-8E39-00A0C969723B 6C54218
InstallProtocolInterface: 932F47E6-2362-4002-803E-3CD54B138F85 6C542A8
InstallProtocolInterface: 964E5B21-6459-11D2-8E39-00A0C969723B 6C53338
InstallProtocolInterface: A77B2472-E282-4E9F-A245-C2C0E27BBCC1 6C53368
InstallProtocolInterface: D432A67F-14DC-484B-B3BB-3F0291849327 6C53460
InstallProtocolInterface: CE345171-BA0B-11D2-8E4F-00A0C969723B 6C52F20
InstallProtocolInterface: 151C8EAE-7F2C-472C-9E54-9828194F6A88 6C52F38
 BlockSize : 2048 
 LastBlock : 387 
InstallProtocolInterface: 09576E91-6D3F-11D2-8E39-00A0C969723B 6C52A98
InstallProtocolInterface: 964E5B21-6459-11D2-8E39-00A0C969723B 6C31AB0
InstallProtocolInterface: A77B2472-E282-4E9F-A245-C2C0E27BBCC1 6C31AE0
InstallProtocolInterface: 8CF2F62C-BC9B-4821-808D-EC9EC421A1A0 6C31B68
PartitionDxe: El Torito standard found on handle 0x6C54518.
InstallProtocolInterface: CE345171-BA0B-11D2-8E4F-00A0C969723B 6C52620
InstallProtocolInterface: 151C8EAE-7F2C-472C-9E54-9828194F6A88 6C52638
 BlockSize : 2048 
 LastBlock : B3F 
InstallProtocolInterface: 09576E91-6D3F-11D2-8E39-00A0C969723B 6C31998
InstallProtocolInterface: 964E5B21-6459-11D2-8E39-00A0C969723B 6C10AB0
InstallProtocolInterface: A77B2472-E282-4E9F-A245-C2C0E27BBCC1 6C10AE0
InstallProtocolInterface: 8CF2F62C-BC9B-4821-808D-EC9EC421A1A0 6C10B68
InstallProtocolInterface: CE345171-BA0B-11D2-8E4F-00A0C969723B 6C52320
InstallProtocolInterface: 151C8EAE-7F2C-472C-9E54-9828194F6A88 6C52338
 BlockSize : 512 
 LastBlock : 2CFF 
InstallProtocolInterface: 964E5B22-6459-11D2-8E39-00A0C969723B 6C07030
Installed Fat filesystem on 6C31718
FsAccess.c: LoadNvVarsFromFs
FsAccess.c: Could not open NV Variables file on this file system
Error while restoring NV variable data
FsAccess.c: Unable to open file to saved NV Variables
Boot Mode:0
PlatformBdsConnectSequence
Select Item: 0x19
EfiBootManagerConnectAll
ClockRate = 1843200
Divisor   = 1
BaudRate/Actual (115200/115200) = 100%
PciSioSerial: Create SIO child serial device - Device Error
SataControllerStart START
SataControllerStart error return status = Already started
 BlockSize : 2048 
 LastBlock : 387 
PartitionDxe: El Torito standard found on handle 0x6C54518.
 BlockSize : 2048 
 LastBlock : B3F 
ClockRate = 1843200
Divisor   = 1
BaudRate/Actual (115200/115200) = 100%
PciSioSerial: Create SIO child serial device - Device Error
SataControllerStart START
SataControllerStart error return status = Already started
 BlockSize : 2048 
 LastBlock : 387 
PartitionDxe: El Torito standard found on handle 0x6C54518.
 BlockSize : 2048 
 LastBlock : B3F 
ClockRate = 1843200
Divisor   = 1
BaudRate/Actual (115200/115200) = 100%
PciSioSerial: Create SIO child serial device - Device Error
 BlockSize : 2048 
 LastBlock : 387 
PartitionDxe: El Torito standard found on handle 0x6C54518.
 BlockSize : 2048 
 LastBlock : B3F 
 BlockSize : 2048 
 LastBlock : B3F 
Select Item: 0x19
[Bds]OsIndication: 0000000000000000
[Bds]=============Begin Load Options Dumping ...=============
  Driver Options:
  SysPrep Options:
  Boot Options:
    Boot0000: UiApp 		 0x0109
    Boot0001: UEFI QEMU DVD-ROM QM00003  		 0x0001
    Boot0002: EFI Internal Shell 		 0x0001
  PlatformRecovery Options:
    PlatformRecovery0000: Default PlatformRecovery 		 0x0001
[Bds]=============End Load Options Dumping=============
[Bds]BdsWait ...Zzzzzzzzzzzz...
[Bds]Exit the waiting!
[Bds]Stop Hotkey Service!
[Bds]UnregisterKeyNotify: 000C/0000 Success
[Bds]UnregisterKeyNotify: 0017/0000 Success
[Bds]UnregisterKeyNotify: 0000/000D Success
Memory  Previous  Current    Next   
 Type    Pages     Pages     Pages  
======  ========  ========  ========
  0A    00000080  00000022  00000080
  09    00000010  00000008  00000010
  00    00000080  00000022  00000080
  05    00000100  0000003A  00000100
  06    00000100  000000B1  00000100
[Bds]Booting UEFI QEMU DVD-ROM QM00003 
 BlockSize : 2048 
 LastBlock : 387 
PartitionDxe: El Torito standard found on handle 0x6C54518.
 BlockSize : 2048 
 LastBlock : B3F 
FatDiskIo: Cache Page OutBound occurred! 
FSOpen: Open '\EFI\BOOT\BOOTX64.EFI' Success
[Bds] Expand PciRoot(0x0)/Pci(0x1,0x1)/Ata(Secondary,Master,0x0) -> PciRoot(0x0)/Pci(0x1,0x1)/Ata(Secondary,Master,0x0)/CDROM(0x0,0x22,0xB40)/HD(1,MBR,0x00000000,0x0,0xB40)/\EFI\BOOT\BOOTX64.EFI
[Security] 3rd party image[0] can be loaded after EndOfDxe: PciRoot(0x0)/Pci(0x1,0x1)/Ata(Secondary,Master,0x0)/CDROM(0x0,0x22,0xB40)/HD(1,MBR,0x00000000,0x0,0xB40)/\EFI\BOOT\BOOTX64.EFI.
InstallProtocolInterface: 5B1B31A1-9562-11D2-8E3F-00A0C969723B 6B77040
ConvertPages: failed to find range 68180000 - 68198FFF
Loading driver at 0x00006A53000 EntryPoint=0x00006A54E9D 
InstallProtocolInterface: BC62157E-3E33-4FEC-9920-2D3B36D750DF 70D2718
ProtectUefiImageCommon - 0x6B77040
  - 0x0000000006A53000 - 0x0000000000019000
PixelBlueGreenRedReserved8BitPerColor
PixelBlueGreenRedReserved8BitPerColor
PixelBlueGreenRedReserved8BitPerColor
PixelBlueGreenRedReserved8BitPerColor
PixelBlueGreenRedReserved8BitPerColor
PixelBlueGreenRedReserved8BitPerColor
PixelBlueGreenRedReserved8BitPerColor
PixelBlueGreenRedReserved8BitPerColor
PixelBlueGreenRedReserved8BitPerColor
PixelBlueGreenRedReserved8BitPerColor
PixelBlueGreenRedReserved8BitPerColor
PixelBlueGreenRedReserved8BitPerColor
PixelBlueGreenRedReserved8BitPerColor
PixelBlueGreenRedReserved8BitPerColor
PixelBlueGreenRedReserved8BitPerColor
PixelBlueGreenRedReserved8BitPerColor
PixelBlueGreenRedReserved8BitPerColor
PixelBlueGreenRedReserved8BitPerColor
PixelBlueGreenRedReserved8BitPerColor
PixelBlueGreenRedReserved8BitPerColor
PixelBlueGreenRedReserved8BitPerColor
PixelBlueGreenRedReserved8BitPerColor
PixelBlueGreenRedReserved8BitPerColor
PixelBlueGreenRedReserved8BitPerColor
PixelBlueGreenRedReserved8BitPerColor
PixelBlueGreenRedReserved8BitPerColor
PixelBlueGreenRedReserved8BitPerColor
PixelBlueGreenRedReserved8BitPerColor
PixelBlueGreenRedReserved8BitPerColor
PixelBlueGreenRedReserved8BitPerColor
PixelBlueGreenRedReserved8BitPerColor
FSOpen: Open 'Labrador\kernel.elf' Success
FSOpen: Open 'Labrador\zap-light16.psf' Success
SetUefiImageMemoryAttributes - 0x0000000007AE9000 - 0x0000000000006000 (0x0000000000000008)
SetUefiImageMemoryAttributes - 0x0000000007AE3000 - 0x0000000000006000 (0x0000000000000008)
SetUefiImageMemoryAttributes - 0x0000000007ADD000 - 0x0000000000006000 (0x0000000000000008)
SetUefiImageMemoryAttributes - 0x0000000007AD7000 - 0x0000000000006000 (0x0000000000000008)
SetUefiImageMemoryAttributes - 0x0000000007AC8000 - 0x000000000000F000 (0x0000000000000008)
SetUefiImageMemoryAttributes - 0x0000000007AC3000 - 0x0000000000005000 (0x0000000000000008)
SetUefiImageMemoryAttributes - 0x0000000007ABD000 - 0x0000000000006000 (0x0000000000000008)
SetUefiImageMemoryAttributes - 0x0000000007AB9000 - 0x0000000000004000 (0x0000000000000008)
SetUefiImageMemoryAttributes - 0x0000000007AB5000 - 0x0000000000004000 (0x0000000000000008)
